mode: set
github.com/maxthom/mir/cmds/core/main.go:73.13,91.29 6 0
github.com/maxthom/mir/cmds/core/main.go:91.29,93.4 1 0
github.com/maxthom/mir/cmds/core/main.go:95.2,116.16 5 0
github.com/maxthom/mir/cmds/core/main.go:116.16,119.3 2 0
github.com/maxthom/mir/cmds/core/main.go:120.2,122.25 2 0
github.com/maxthom/mir/cmds/core/main.go:122.25,124.3 1 0
github.com/maxthom/mir/cmds/core/main.go:126.2,127.16 2 0
github.com/maxthom/mir/cmds/core/main.go:127.16,130.3 2 0
github.com/maxthom/mir/cmds/core/main.go:131.2,137.43 3 0
github.com/maxthom/mir/cmds/core/main.go:137.43,140.3 2 0
github.com/maxthom/mir/cmds/core/main.go:147.9,153.16 3 0
github.com/maxthom/mir/cmds/core/main.go:153.16,155.3 1 0
github.com/maxthom/mir/cmds/core/main.go:156.2,160.16 3 0
github.com/maxthom/mir/cmds/core/main.go:160.16,162.3 1 0
github.com/maxthom/mir/cmds/core/main.go:163.2,181.12 9 0
github.com/maxthom/mir/cmds/core/main.go:181.12,183.80 2 0
github.com/maxthom/mir/cmds/core/main.go:183.80,187.4 3 0
github.com/maxthom/mir/cmds/core/main.go:188.3,189.12 2 0
github.com/maxthom/mir/cmds/core/main.go:192.2,193.12 2 0
github.com/maxthom/mir/cmds/core/main.go:193.12,197.3 3 0
github.com/maxthom/mir/cmds/core/main.go:200.2,202.38 3 0
github.com/maxthom/mir/cmds/core/main.go:202.38,204.54 2 0
github.com/maxthom/mir/cmds/core/main.go:204.54,206.4 1 0
github.com/maxthom/mir/cmds/core/main.go:208.3,215.56 8 0
github.com/maxthom/mir/cmds/core/main.go:218.2,218.12 1 0
github.com/maxthom/mir/cmds/core/main.go:221.90,223.16 2 0
github.com/maxthom/mir/cmds/core/main.go:223.16,225.3 1 0
github.com/maxthom/mir/cmds/core/main.go:227.2,230.17 1 0
github.com/maxthom/mir/cmds/core/main.go:230.17,232.3 1 0
github.com/maxthom/mir/cmds/core/main.go:234.2,234.54 1 0
github.com/maxthom/mir/cmds/core/main.go:234.54,236.3 1 0
github.com/maxthom/mir/cmds/core/main.go:238.2,238.16 1 0
github.com/maxthom/mir/cmds/playground/main.go:3.14,5.2 0 0
github.com/maxthom/mir/cmds/mir/main.go:56.60,56.74 1 0
github.com/maxthom/mir/cmds/mir/main.go:57.60,57.75 1 0
github.com/maxthom/mir/cmds/mir/main.go:58.72,62.2 3 0
github.com/maxthom/mir/cmds/mir/main.go:67.13,101.19 9 0
github.com/maxthom/mir/cmds/mir/main.go:101.19,104.3 2 0
github.com/maxthom/mir/cmds/mir/main.go:105.2,105.22 1 0
github.com/maxthom/mir/cmds/mir/main.go:105.22,107.3 1 0
github.com/maxthom/mir/cmds/mir/main.go:108.2,108.20 1 0
github.com/maxthom/mir/cmds/mir/main.go:108.20,110.3 1 0
github.com/maxthom/mir/cmds/mir/main.go:112.2,113.16 2 0
github.com/maxthom/mir/cmds/mir/main.go:113.16,116.3 2 0
github.com/maxthom/mir/cmds/mir/main.go:117.2,123.16 3 0
github.com/maxthom/mir/cmds/mir/main.go:123.16,127.3 3 0
github.com/maxthom/mir/cmds/mir_srv/main.go:12.13,14.2 1 0
github.com/maxthom/mir/cmds/protocmd/main.go:73.13,91.29 6 0
github.com/maxthom/mir/cmds/protocmd/main.go:91.29,93.4 1 0
github.com/maxthom/mir/cmds/protocmd/main.go:95.2,116.16 5 0
github.com/maxthom/mir/cmds/protocmd/main.go:116.16,119.3 2 0
github.com/maxthom/mir/cmds/protocmd/main.go:120.2,122.25 2 0
github.com/maxthom/mir/cmds/protocmd/main.go:122.25,124.3 1 0
github.com/maxthom/mir/cmds/protocmd/main.go:126.2,127.16 2 0
github.com/maxthom/mir/cmds/protocmd/main.go:127.16,130.3 2 0
github.com/maxthom/mir/cmds/protocmd/main.go:131.2,137.43 3 0
github.com/maxthom/mir/cmds/protocmd/main.go:137.43,140.3 2 0
github.com/maxthom/mir/cmds/protocmd/main.go:147.9,153.16 3 0
github.com/maxthom/mir/cmds/protocmd/main.go:153.16,155.3 1 0
github.com/maxthom/mir/cmds/protocmd/main.go:156.2,160.16 3 0
github.com/maxthom/mir/cmds/protocmd/main.go:160.16,162.3 1 0
github.com/maxthom/mir/cmds/protocmd/main.go:163.2,182.12 10 0
github.com/maxthom/mir/cmds/protocmd/main.go:182.12,183.80 1 0
github.com/maxthom/mir/cmds/protocmd/main.go:183.80,187.4 3 0
github.com/maxthom/mir/cmds/protocmd/main.go:188.3,189.12 2 0
github.com/maxthom/mir/cmds/protocmd/main.go:192.2,194.12 3 0
github.com/maxthom/mir/cmds/protocmd/main.go:194.12,197.3 2 0
github.com/maxthom/mir/cmds/protocmd/main.go:200.2,202.38 3 0
github.com/maxthom/mir/cmds/protocmd/main.go:202.38,204.54 2 0
github.com/maxthom/mir/cmds/protocmd/main.go:204.54,206.4 1 0
github.com/maxthom/mir/cmds/protocmd/main.go:207.3,213.56 7 0
github.com/maxthom/mir/cmds/protocmd/main.go:216.2,216.12 1 0
github.com/maxthom/mir/cmds/swarm/gen/device.pb.go:33.29,35.29 2 0
github.com/maxthom/mir/cmds/swarm/gen/device.pb.go:35.29,39.3 3 0
github.com/maxthom/mir/cmds/swarm/gen/device.pb.go:42.37,44.2 1 0
github.com/maxthom/mir/cmds/swarm/gen/device.pb.go:46.35,46.36 0 0
github.com/maxthom/mir/cmds/swarm/gen/device.pb.go:48.57,50.41 2 0
github.com/maxthom/mir/cmds/swarm/gen/device.pb.go:50.41,52.34 2 0
github.com/maxthom/mir/cmds/swarm/gen/device.pb.go:52.34,54.4 1 0
github.com/maxthom/mir/cmds/swarm/gen/device.pb.go:55.3,55.12 1 0
github.com/maxthom/mir/cmds/swarm/gen/device.pb.go:57.2,57.24 1 0
github.com/maxthom/mir/cmds/swarm/gen/device.pb.go:61.48,63.2 1 0
github.com/maxthom/mir/cmds/swarm/gen/device.pb.go:65.54,66.14 1 0
github.com/maxthom/mir/cmds/swarm/gen/device.pb.go:66.14,68.3 1 0
github.com/maxthom/mir/cmds/swarm/gen/device.pb.go:69.2,69.12 1 0
github.com/maxthom/mir/cmds/swarm/gen/device.pb.go:72.53,73.14 1 0
github.com/maxthom/mir/cmds/swarm/gen/device.pb.go:73.14,75.3 1 0
github.com/maxthom/mir/cmds/swarm/gen/device.pb.go:76.2,76.12 1 0
github.com/maxthom/mir/cmds/swarm/gen/device.pb.go:87.26,89.29 2 0
github.com/maxthom/mir/cmds/swarm/gen/device.pb.go:89.29,93.3 3 0
github.com/maxthom/mir/cmds/swarm/gen/device.pb.go:96.34,98.2 1 0
github.com/maxthom/mir/cmds/swarm/gen/device.pb.go:100.32,100.33 0 0
github.com/maxthom/mir/cmds/swarm/gen/device.pb.go:102.54,104.41 2 0
github.com/maxthom/mir/cmds/swarm/gen/device.pb.go:104.41,106.34 2 0
github.com/maxthom/mir/cmds/swarm/gen/device.pb.go:106.34,108.4 1 0
github.com/maxthom/mir/cmds/swarm/gen/device.pb.go:109.3,109.12 1 0
github.com/maxthom/mir/cmds/swarm/gen/device.pb.go:111.2,111.24 1 0
github.com/maxthom/mir/cmds/swarm/gen/device.pb.go:115.45,117.2 1 0
github.com/maxthom/mir/cmds/swarm/gen/device.pb.go:119.36,120.14 1 0
github.com/maxthom/mir/cmds/swarm/gen/device.pb.go:120.14,122.3 1 0
github.com/maxthom/mir/cmds/swarm/gen/device.pb.go:123.2,123.10 1 0
github.com/maxthom/mir/cmds/swarm/gen/device.pb.go:154.45,155.42 1 0
github.com/maxthom/mir/cmds/swarm/gen/device.pb.go:155.42,157.3 1 0
github.com/maxthom/mir/cmds/swarm/gen/device.pb.go:158.2,158.38 1 0
github.com/maxthom/mir/cmds/swarm/gen/device.pb.go:178.13,178.41 1 0
github.com/maxthom/mir/cmds/swarm/gen/device.pb.go:179.31,180.30 1 0
github.com/maxthom/mir/cmds/swarm/gen/device.pb.go:180.30,182.3 1 0
github.com/maxthom/mir/cmds/swarm/gen/device.pb.go:183.2,183.30 1 0
github.com/maxthom/mir/cmds/swarm/gen/device.pb.go:183.30,184.83 1 0
github.com/maxthom/mir/cmds/swarm/gen/device.pb.go:184.83,185.34 1 0
github.com/maxthom/mir/cmds/swarm/gen/device.pb.go:186.11,187.20 1 0
github.com/maxthom/mir/cmds/swarm/gen/device.pb.go:188.11,189.24 1 0
github.com/maxthom/mir/cmds/swarm/gen/device.pb.go:190.11,191.28 1 0
github.com/maxthom/mir/cmds/swarm/gen/device.pb.go:192.12,193.15 1 0
github.com/maxthom/mir/cmds/swarm/gen/device.pb.go:196.3,196.83 1 0
github.com/maxthom/mir/cmds/swarm/gen/device.pb.go:196.83,197.31 1 0
github.com/maxthom/mir/cmds/swarm/gen/device.pb.go:198.11,199.20 1 0
github.com/maxthom/mir/cmds/swarm/gen/device.pb.go:200.11,201.24 1 0
github.com/maxthom/mir/cmds/swarm/gen/device.pb.go:202.11,203.28 1 0
github.com/maxthom/mir/cmds/swarm/gen/device.pb.go:204.12,205.15 1 0
github.com/maxthom/mir/cmds/swarm/gen/device.pb.go:209.2,226.33 6 0
github.com/maxthom/mir/examples/command_device/gen/command_device/v1/command.pb.go:36.27,41.2 4 0
github.com/maxthom/mir/examples/command_device/gen/command_device/v1/command.pb.go:43.35,45.2 1 0
github.com/maxthom/mir/examples/command_device/gen/command_device/v1/command.pb.go:47.33,47.34 0 0
github.com/maxthom/mir/examples/command_device/gen/command_device/v1/command.pb.go:49.55,51.14 2 0
github.com/maxthom/mir/examples/command_device/gen/command_device/v1/command.pb.go:51.14,53.34 2 0
github.com/maxthom/mir/examples/command_device/gen/command_device/v1/command.pb.go:53.34,55.4 1 0
github.com/maxthom/mir/examples/command_device/gen/command_device/v1/command.pb.go:56.3,56.12 1 0
github.com/maxthom/mir/examples/command_device/gen/command_device/v1/command.pb.go:58.2,58.24 1 0
github.com/maxthom/mir/examples/command_device/gen/command_device/v1/command.pb.go:62.46,64.2 1 0
github.com/maxthom/mir/examples/command_device/gen/command_device/v1/command.pb.go:66.36,67.14 1 0
github.com/maxthom/mir/examples/command_device/gen/command_device/v1/command.pb.go:67.14,69.3 1 0
github.com/maxthom/mir/examples/command_device/gen/command_device/v1/command.pb.go:70.2,70.10 1 0
github.com/maxthom/mir/examples/command_device/gen/command_device/v1/command.pb.go:73.39,74.14 1 0
github.com/maxthom/mir/examples/command_device/gen/command_device/v1/command.pb.go:74.14,76.3 1 0
github.com/maxthom/mir/examples/command_device/gen/command_device/v1/command.pb.go:77.2,77.14 1 0
github.com/maxthom/mir/examples/command_device/gen/command_device/v1/command.pb.go:80.39,81.14 1 0
github.com/maxthom/mir/examples/command_device/gen/command_device/v1/command.pb.go:81.14,83.3 1 0
github.com/maxthom/mir/examples/command_device/gen/command_device/v1/command.pb.go:84.2,84.10 1 0
github.com/maxthom/mir/examples/command_device/gen/command_device/v1/command.pb.go:87.35,88.14 1 0
github.com/maxthom/mir/examples/command_device/gen/command_device/v1/command.pb.go:88.14,90.3 1 0
github.com/maxthom/mir/examples/command_device/gen/command_device/v1/command.pb.go:91.2,91.12 1 0
github.com/maxthom/mir/examples/command_device/gen/command_device/v1/command.pb.go:104.24,109.2 4 0
github.com/maxthom/mir/examples/command_device/gen/command_device/v1/command.pb.go:111.32,113.2 1 0
github.com/maxthom/mir/examples/command_device/gen/command_device/v1/command.pb.go:115.30,115.31 0 0
github.com/maxthom/mir/examples/command_device/gen/command_device/v1/command.pb.go:117.52,119.14 2 0
github.com/maxthom/mir/examples/command_device/gen/command_device/v1/command.pb.go:119.14,121.34 2 0
github.com/maxthom/mir/examples/command_device/gen/command_device/v1/command.pb.go:121.34,123.4 1 0
github.com/maxthom/mir/examples/command_device/gen/command_device/v1/command.pb.go:124.3,124.12 1 0
github.com/maxthom/mir/examples/command_device/gen/command_device/v1/command.pb.go:126.2,126.24 1 0
github.com/maxthom/mir/examples/command_device/gen/command_device/v1/command.pb.go:130.43,132.2 1 0
github.com/maxthom/mir/examples/command_device/gen/command_device/v1/command.pb.go:134.38,135.14 1 0
github.com/maxthom/mir/examples/command_device/gen/command_device/v1/command.pb.go:135.14,137.3 1 0
github.com/maxthom/mir/examples/command_device/gen/command_device/v1/command.pb.go:138.2,138.10 1 0
github.com/maxthom/mir/examples/command_device/gen/command_device/v1/command.pb.go:141.36,142.14 1 0
github.com/maxthom/mir/examples/command_device/gen/command_device/v1/command.pb.go:142.14,144.3 1 0
github.com/maxthom/mir/examples/command_device/gen/command_device/v1/command.pb.go:145.2,145.12 1 0
github.com/maxthom/mir/examples/command_device/gen/command_device/v1/command.pb.go:148.50,149.14 1 0
github.com/maxthom/mir/examples/command_device/gen/command_device/v1/command.pb.go:149.14,151.3 1 0
github.com/maxthom/mir/examples/command_device/gen/command_device/v1/command.pb.go:152.2,152.12 1 0
github.com/maxthom/mir/examples/command_device/gen/command_device/v1/command.pb.go:163.31,168.2 4 0
github.com/maxthom/mir/examples/command_device/gen/command_device/v1/command.pb.go:170.39,172.2 1 0
github.com/maxthom/mir/examples/command_device/gen/command_device/v1/command.pb.go:174.37,174.38 0 0
github.com/maxthom/mir/examples/command_device/gen/command_device/v1/command.pb.go:176.59,178.14 2 0
github.com/maxthom/mir/examples/command_device/gen/command_device/v1/command.pb.go:178.14,180.34 2 0
github.com/maxthom/mir/examples/command_device/gen/command_device/v1/command.pb.go:180.34,182.4 1 0
github.com/maxthom/mir/examples/command_device/gen/command_device/v1/command.pb.go:183.3,183.12 1 0
github.com/maxthom/mir/examples/command_device/gen/command_device/v1/command.pb.go:185.2,185.24 1 0
github.com/maxthom/mir/examples/command_device/gen/command_device/v1/command.pb.go:189.50,191.2 1 0
github.com/maxthom/mir/examples/command_device/gen/command_device/v1/command.pb.go:193.40,194.14 1 0
github.com/maxthom/mir/examples/command_device/gen/command_device/v1/command.pb.go:194.14,196.3 1 0
github.com/maxthom/mir/examples/command_device/gen/command_device/v1/command.pb.go:197.2,197.10 1 0
github.com/maxthom/mir/examples/command_device/gen/command_device/v1/command.pb.go:208.39,213.2 4 0
github.com/maxthom/mir/examples/command_device/gen/command_device/v1/command.pb.go:215.47,217.2 1 0
github.com/maxthom/mir/examples/command_device/gen/command_device/v1/command.pb.go:219.45,219.46 0 0
github.com/maxthom/mir/examples/command_device/gen/command_device/v1/command.pb.go:221.67,223.14 2 0
github.com/maxthom/mir/examples/command_device/gen/command_device/v1/command.pb.go:223.14,225.34 2 0
github.com/maxthom/mir/examples/command_device/gen/command_device/v1/command.pb.go:225.34,227.4 1 0
github.com/maxthom/mir/examples/command_device/gen/command_device/v1/command.pb.go:228.3,228.12 1 0
github.com/maxthom/mir/examples/command_device/gen/command_device/v1/command.pb.go:230.2,230.24 1 0
github.com/maxthom/mir/examples/command_device/gen/command_device/v1/command.pb.go:234.58,236.2 1 0
github.com/maxthom/mir/examples/command_device/gen/command_device/v1/command.pb.go:238.49,239.14 1 0
github.com/maxthom/mir/examples/command_device/gen/command_device/v1/command.pb.go:239.14,241.3 1 0
github.com/maxthom/mir/examples/command_device/gen/command_device/v1/command.pb.go:242.2,242.14 1 0
github.com/maxthom/mir/examples/command_device/gen/command_device/v1/command.pb.go:303.64,304.61 1 0
github.com/maxthom/mir/examples/command_device/gen/command_device/v1/command.pb.go:304.61,306.3 1 0
github.com/maxthom/mir/examples/command_device/gen/command_device/v1/command.pb.go:307.2,307.57 1 0
github.com/maxthom/mir/examples/command_device/gen/command_device/v1/command.pb.go:328.13,328.60 1 0
github.com/maxthom/mir/examples/command_device/gen/command_device/v1/command.pb.go:329.50,330.49 1 0
github.com/maxthom/mir/examples/command_device/gen/command_device/v1/command.pb.go:330.49,332.3 1 0
github.com/maxthom/mir/examples/command_device/gen/command_device/v1/command.pb.go:333.2,350.52 6 0
github.com/maxthom/mir/examples/command_device/gen/command_device/v1/utils.pb.go:53.13,53.58 1 0
github.com/maxthom/mir/examples/command_device/gen/command_device/v1/utils.pb.go:54.48,55.47 1 0
github.com/maxthom/mir/examples/command_device/gen/command_device/v1/utils.pb.go:55.47,57.3 1 0
github.com/maxthom/mir/examples/command_device/gen/command_device/v1/utils.pb.go:58.2,74.50 6 0
github.com/maxthom/mir/cmds/swarm/main.go:23.13,31.16 5 0
github.com/maxthom/mir/cmds/swarm/main.go:31.16,33.3 1 0
github.com/maxthom/mir/cmds/swarm/main.go:34.2,62.21 7 0
github.com/maxthom/mir/cmds/swarm/main.go:62.21,71.17 4 0
github.com/maxthom/mir/cmds/swarm/main.go:71.17,73.4 1 0
github.com/maxthom/mir/cmds/swarm/main.go:75.3,82.18 1 0
github.com/maxthom/mir/cmds/swarm/main.go:82.18,84.4 1 0
github.com/maxthom/mir/cmds/swarm/main.go:87.3,87.53 1 0
github.com/maxthom/mir/cmds/swarm/main.go:87.53,88.9 1 0
github.com/maxthom/mir/cmds/swarm/main.go:93.87,103.26 3 0
github.com/maxthom/mir/cmds/swarm/main.go:103.26,109.3 3 0
github.com/maxthom/mir/cmds/swarm/main.go:111.2,111.10 1 0
github.com/maxthom/mir/cmds/protoflux/main.go:94.13,112.29 6 0
github.com/maxthom/mir/cmds/protoflux/main.go:112.29,114.4 1 0
github.com/maxthom/mir/cmds/protoflux/main.go:116.2,137.16 5 0
github.com/maxthom/mir/cmds/protoflux/main.go:137.16,140.3 2 0
github.com/maxthom/mir/cmds/protoflux/main.go:141.2,143.25 2 0
github.com/maxthom/mir/cmds/protoflux/main.go:143.25,145.3 1 0
github.com/maxthom/mir/cmds/protoflux/main.go:147.2,148.16 2 0
github.com/maxthom/mir/cmds/protoflux/main.go:148.16,151.3 2 0
github.com/maxthom/mir/cmds/protoflux/main.go:152.2,158.43 3 0
github.com/maxthom/mir/cmds/protoflux/main.go:158.43,161.3 2 0
github.com/maxthom/mir/cmds/protoflux/main.go:168.9,174.16 3 0
github.com/maxthom/mir/cmds/protoflux/main.go:174.16,176.3 1 0
github.com/maxthom/mir/cmds/protoflux/main.go:177.2,181.118 3 0
github.com/maxthom/mir/cmds/protoflux/main.go:181.118,183.3 1 0
github.com/maxthom/mir/cmds/protoflux/main.go:184.2,189.16 4 0
github.com/maxthom/mir/cmds/protoflux/main.go:189.16,191.3 1 0
github.com/maxthom/mir/cmds/protoflux/main.go:192.2,211.12 10 0
github.com/maxthom/mir/cmds/protoflux/main.go:211.12,212.80 1 0
github.com/maxthom/mir/cmds/protoflux/main.go:212.80,216.4 3 0
github.com/maxthom/mir/cmds/protoflux/main.go:217.3,218.12 2 0
github.com/maxthom/mir/cmds/protoflux/main.go:221.2,223.12 3 0
github.com/maxthom/mir/cmds/protoflux/main.go:223.12,226.3 2 0
github.com/maxthom/mir/cmds/protoflux/main.go:229.2,231.38 3 0
github.com/maxthom/mir/cmds/protoflux/main.go:231.38,233.54 2 0
github.com/maxthom/mir/cmds/protoflux/main.go:233.54,235.4 1 0
github.com/maxthom/mir/cmds/protoflux/main.go:236.3,242.56 7 0
github.com/maxthom/mir/cmds/protoflux/main.go:245.2,245.12 1 0
github.com/maxthom/mir/examples/command_device/main.go:17.13,34.16 6 0
github.com/maxthom/mir/examples/command_device/main.go:34.16,35.13 1 0
github.com/maxthom/mir/examples/command_device/main.go:37.2,41.16 4 0
github.com/maxthom/mir/examples/command_device/main.go:41.16,44.3 2 0
github.com/maxthom/mir/examples/command_device/main.go:45.2,49.72 2 0
github.com/maxthom/mir/examples/command_device/main.go:49.72,57.4 5 0
github.com/maxthom/mir/examples/command_device/main.go:60.2,60.38 1 0
github.com/maxthom/mir/examples/command_device/main.go:60.38,63.3 2 0
github.com/maxthom/mir/cmds/tui/main.go:38.13,55.29 6 0
github.com/maxthom/mir/cmds/tui/main.go:55.29,57.4 1 0
github.com/maxthom/mir/cmds/tui/main.go:59.2,83.19 8 0
github.com/maxthom/mir/cmds/tui/main.go:83.19,86.3 2 0
github.com/maxthom/mir/cmds/tui/main.go:87.2,87.25 1 0
github.com/maxthom/mir/cmds/tui/main.go:87.25,89.3 1 0
github.com/maxthom/mir/cmds/tui/main.go:91.2,92.16 2 0
github.com/maxthom/mir/cmds/tui/main.go:92.16,95.3 2 0
github.com/maxthom/mir/cmds/tui/main.go:96.2,99.43 2 0
github.com/maxthom/mir/cmds/tui/main.go:99.43,102.3 2 0
github.com/maxthom/mir/cmds/tui/main.go:105.72,113.12 5 0
github.com/maxthom/mir/cmds/tui/main.go:113.12,115.44 2 0
github.com/maxthom/mir/cmds/tui/main.go:115.44,117.4 1 0
github.com/maxthom/mir/cmds/tui/main.go:118.3,119.12 2 0
github.com/maxthom/mir/cmds/tui/main.go:123.2,124.38 2 0
github.com/maxthom/mir/cmds/tui/main.go:124.38,128.3 3 0
github.com/maxthom/mir/cmds/tui/main.go:129.2,129.12 1 0
github.com/maxthom/mir/examples/hearthbeat_device/main.go:13.13,24.16 4 0
github.com/maxthom/mir/examples/hearthbeat_device/main.go:24.16,25.13 1 0
github.com/maxthom/mir/examples/hearthbeat_device/main.go:27.2,31.16 4 0
github.com/maxthom/mir/examples/hearthbeat_device/main.go:31.16,34.3 2 0
github.com/maxthom/mir/examples/hearthbeat_device/main.go:35.2,37.38 2 0
github.com/maxthom/mir/examples/hearthbeat_device/main.go:37.38,40.3 2 0
github.com/maxthom/mir/examples/telemetry_device/main.go:18.13,35.16 4 0
github.com/maxthom/mir/examples/telemetry_device/main.go:35.16,36.13 1 0
github.com/maxthom/mir/examples/telemetry_device/main.go:38.2,42.16 4 0
github.com/maxthom/mir/examples/telemetry_device/main.go:42.16,45.3 2 0
github.com/maxthom/mir/examples/telemetry_device/main.go:46.2,48.12 2 0
github.com/maxthom/mir/examples/telemetry_device/main.go:48.12,49.7 1 0
github.com/maxthom/mir/examples/telemetry_device/main.go:49.7,63.4 4 0
github.com/maxthom/mir/examples/telemetry_device/main.go:66.2,66.12 1 0
github.com/maxthom/mir/examples/telemetry_device/main.go:66.12,67.7 1 0
github.com/maxthom/mir/examples/telemetry_device/main.go:67.7,79.4 6 0
github.com/maxthom/mir/examples/telemetry_device/main.go:82.2,82.12 1 0
github.com/maxthom/mir/examples/telemetry_device/main.go:82.12,83.7 1 0
github.com/maxthom/mir/examples/telemetry_device/main.go:83.7,120.4 4 0
github.com/maxthom/mir/examples/telemetry_device/main.go:123.2,123.38 1 0
github.com/maxthom/mir/examples/telemetry_device/main.go:123.38,126.3 2 0
github.com/maxthom/mir/internal/clients/subject.go:11.43,13.2 1 0
github.com/maxthom/mir/internal/clients/subject.go:15.49,17.2 1 0
github.com/maxthom/mir/internal/clients/subject.go:19.37,21.21 2 0
github.com/maxthom/mir/internal/clients/subject.go:21.21,23.3 1 0
github.com/maxthom/mir/internal/clients/subject.go:24.2,24.17 1 0
github.com/maxthom/mir/internal/clients/subject.go:27.33,29.21 2 0
github.com/maxthom/mir/internal/clients/subject.go:29.21,31.3 1 0
github.com/maxthom/mir/internal/clients/subject.go:32.2,32.17 1 0
github.com/maxthom/mir/internal/clients/subject.go:35.37,37.21 2 0
github.com/maxthom/mir/internal/clients/subject.go:37.21,39.3 1 0
github.com/maxthom/mir/internal/clients/subject.go:40.2,40.17 1 0
github.com/maxthom/mir/internal/clients/subject.go:43.38,45.21 2 0
github.com/maxthom/mir/internal/clients/subject.go:45.21,47.3 1 0
github.com/maxthom/mir/internal/clients/subject.go:48.2,48.17 1 0
github.com/maxthom/mir/internal/clients/subject.go:51.39,53.21 2 0
github.com/maxthom/mir/internal/clients/subject.go:53.21,55.3 1 0
github.com/maxthom/mir/internal/clients/subject.go:56.2,56.17 1 0
github.com/maxthom/mir/internal/clients/subject.go:59.39,61.21 2 0
github.com/maxthom/mir/internal/clients/subject.go:61.21,63.3 1 0
github.com/maxthom/mir/internal/clients/subject.go:64.2,64.17 1 0
github.com/maxthom/mir/internal/clients/subject.go:67.44,69.21 2 0
github.com/maxthom/mir/internal/clients/subject.go:69.21,71.3 1 0
github.com/maxthom/mir/internal/clients/subject.go:72.2,72.17 1 0
github.com/maxthom/mir/internal/clients/subject.go:75.45,77.21 2 0
github.com/maxthom/mir/internal/clients/subject.go:77.21,79.3 1 0
github.com/maxthom/mir/internal/clients/subject.go:80.2,80.17 1 0
github.com/maxthom/mir/internal/clients/subject.go:83.55,85.21 2 0
github.com/maxthom/mir/internal/clients/subject.go:85.21,87.3 1 0
github.com/maxthom/mir/internal/clients/subject.go:88.2,88.37 1 0
github.com/maxthom/mir/examples/hearthbeat_module/main.go:15.13,20.16 4 0
github.com/maxthom/mir/examples/hearthbeat_module/main.go:20.16,21.13 1 0
github.com/maxthom/mir/examples/hearthbeat_module/main.go:24.2,25.40 1 0
github.com/maxthom/mir/examples/hearthbeat_module/main.go:25.40,28.4 2 0
github.com/maxthom/mir/examples/hearthbeat_module/main.go:29.2,29.16 1 0
github.com/maxthom/mir/examples/hearthbeat_module/main.go:29.16,30.13 1 0
github.com/maxthom/mir/examples/hearthbeat_module/main.go:33.2,34.40 1 0
github.com/maxthom/mir/examples/hearthbeat_module/main.go:34.40,37.4 2 0
github.com/maxthom/mir/examples/hearthbeat_module/main.go:38.2,38.16 1 0
github.com/maxthom/mir/examples/hearthbeat_module/main.go:38.16,39.13 1 0
github.com/maxthom/mir/examples/hearthbeat_module/main.go:42.2,43.40 1 0
github.com/maxthom/mir/examples/hearthbeat_module/main.go:43.40,46.4 2 0
github.com/maxthom/mir/examples/hearthbeat_module/main.go:47.2,47.16 1 0
github.com/maxthom/mir/examples/hearthbeat_module/main.go:47.16,48.13 1 0
github.com/maxthom/mir/examples/hearthbeat_module/main.go:51.2,52.62 1 0
github.com/maxthom/mir/examples/hearthbeat_module/main.go:52.62,55.4 2 0
github.com/maxthom/mir/examples/hearthbeat_module/main.go:56.2,56.16 1 0
github.com/maxthom/mir/examples/hearthbeat_module/main.go:56.16,57.13 1 0
github.com/maxthom/mir/examples/hearthbeat_module/main.go:60.2,61.62 1 0
github.com/maxthom/mir/examples/hearthbeat_module/main.go:61.62,64.4 2 0
github.com/maxthom/mir/examples/hearthbeat_module/main.go:65.2,65.16 1 0
github.com/maxthom/mir/examples/hearthbeat_module/main.go:65.16,66.13 1 0
github.com/maxthom/mir/examples/hearthbeat_module/main.go:69.2,70.62 1 0
github.com/maxthom/mir/examples/hearthbeat_module/main.go:70.62,73.4 2 0
github.com/maxthom/mir/examples/hearthbeat_module/main.go:74.2,74.16 1 0
github.com/maxthom/mir/examples/hearthbeat_module/main.go:74.16,75.13 1 0
github.com/maxthom/mir/examples/hearthbeat_module/main.go:78.2,80.38 2 0
github.com/maxthom/mir/examples/hearthbeat_module/main.go:80.38,83.3 2 0
github.com/maxthom/mir/examples/hearthbeat_module/main.go:86.33,98.16 4 0
github.com/maxthom/mir/examples/hearthbeat_module/main.go:98.16,99.13 1 0
github.com/maxthom/mir/examples/hearthbeat_module/main.go:101.2,101.34 1 0
github.com/maxthom/mir/examples/hearthbeat_module/main.go:101.34,103.3 1 0
github.com/maxthom/mir/examples/hearthbeat_module/main.go:103.8,105.3 1 0
github.com/maxthom/mir/examples/hearthbeat_module/main.go:107.2,112.16 3 0
github.com/maxthom/mir/examples/hearthbeat_module/main.go:112.16,113.13 1 0
github.com/maxthom/mir/examples/hearthbeat_module/main.go:115.2,115.32 1 0
github.com/maxthom/mir/examples/hearthbeat_module/main.go:115.32,117.3 1 0
github.com/maxthom/mir/examples/hearthbeat_module/main.go:117.8,119.3 1 0
github.com/maxthom/mir/examples/hearthbeat_module/main.go:121.2,133.16 4 0
github.com/maxthom/mir/examples/hearthbeat_module/main.go:133.16,134.13 1 0
github.com/maxthom/mir/examples/hearthbeat_module/main.go:136.2,136.31 1 0
github.com/maxthom/mir/examples/hearthbeat_module/main.go:136.31,138.3 1 0
github.com/maxthom/mir/examples/hearthbeat_module/main.go:138.8,140.3 1 0
github.com/maxthom/mir/examples/hearthbeat_module/main.go:142.2,150.16 3 0
github.com/maxthom/mir/examples/hearthbeat_module/main.go:150.16,151.13 1 0
github.com/maxthom/mir/examples/hearthbeat_module/main.go:153.2,153.31 1 0
github.com/maxthom/mir/examples/hearthbeat_module/main.go:153.31,155.3 1 0
github.com/maxthom/mir/examples/hearthbeat_module/main.go:155.8,157.3 1 0
github.com/maxthom/mir/internal/clients/device_client/device.go:18.116,20.16 2 0
github.com/maxthom/mir/internal/clients/device_client/device.go:20.16,22.3 1 0
github.com/maxthom/mir/internal/clients/device_client/device.go:24.2,25.53 2 0
github.com/maxthom/mir/internal/clients/device_client/device.go:25.53,27.17 2 0
github.com/maxthom/mir/internal/clients/device_client/device.go:27.17,29.4 1 0
github.com/maxthom/mir/internal/clients/device_client/device.go:32.2,34.16 3 0
github.com/maxthom/mir/internal/clients/device_client/device.go:34.16,36.3 1 0
github.com/maxthom/mir/internal/clients/device_client/device.go:38.2,38.18 1 0
github.com/maxthom/mir/internal/clients/protoflux_client/telemetry.go:15.99,17.16 2 0
github.com/maxthom/mir/internal/clients/protoflux_client/telemetry.go:17.16,19.3 1 0
github.com/maxthom/mir/internal/clients/protoflux_client/telemetry.go:21.2,27.4 1 0
github.com/maxthom/mir/internal/clients/cmd_client/command.go:17.125,19.16 2 0
github.com/maxthom/mir/internal/clients/cmd_client/command.go:19.16,21.3 1 0
github.com/maxthom/mir/internal/clients/cmd_client/command.go:24.2,25.16 2 0
github.com/maxthom/mir/internal/clients/cmd_client/command.go:25.16,27.3 1 0
github.com/maxthom/mir/internal/clients/cmd_client/command.go:29.2,31.16 3 0
github.com/maxthom/mir/internal/clients/cmd_client/command.go:31.16,33.3 1 0
github.com/maxthom/mir/internal/clients/cmd_client/command.go:35.2,35.18 1 0
github.com/maxthom/mir/internal/clients/cmd_client/command.go:38.136,40.16 2 0
github.com/maxthom/mir/internal/clients/cmd_client/command.go:40.16,42.3 1 0
github.com/maxthom/mir/internal/clients/cmd_client/command.go:45.2,46.16 2 0
github.com/maxthom/mir/internal/clients/cmd_client/command.go:46.16,48.3 1 0
github.com/maxthom/mir/internal/clients/cmd_client/command.go:50.2,52.16 3 0
github.com/maxthom/mir/internal/clients/cmd_client/command.go:52.16,54.3 1 0
github.com/maxthom/mir/internal/clients/cmd_client/command.go:56.2,56.18 1 0
github.com/maxthom/mir/examples/telemetry_device/gen/telemetry_device/v1/telemetry.pb.go:36.34,41.2 4 0
github.com/maxthom/mir/examples/telemetry_device/gen/telemetry_device/v1/telemetry.pb.go:43.42,45.2 1 0
github.com/maxthom/mir/examples/telemetry_device/gen/telemetry_device/v1/telemetry.pb.go:47.40,47.41 0 0
github.com/maxthom/mir/examples/telemetry_device/gen/telemetry_device/v1/telemetry.pb.go:49.62,51.14 2 0
github.com/maxthom/mir/examples/telemetry_device/gen/telemetry_device/v1/telemetry.pb.go:51.14,53.34 2 0
github.com/maxthom/mir/examples/telemetry_device/gen/telemetry_device/v1/telemetry.pb.go:53.34,55.4 1 0
github.com/maxthom/mir/examples/telemetry_device/gen/telemetry_device/v1/telemetry.pb.go:56.3,56.12 1 0
github.com/maxthom/mir/examples/telemetry_device/gen/telemetry_device/v1/telemetry.pb.go:58.2,58.24 1 0
github.com/maxthom/mir/examples/telemetry_device/gen/telemetry_device/v1/telemetry.pb.go:62.53,64.2 1 0
github.com/maxthom/mir/examples/telemetry_device/gen/telemetry_device/v1/telemetry.pb.go:66.48,67.14 1 0
github.com/maxthom/mir/examples/telemetry_device/gen/telemetry_device/v1/telemetry.pb.go:67.14,69.3 1 0
github.com/maxthom/mir/examples/telemetry_device/gen/telemetry_device/v1/telemetry.pb.go:70.2,70.12 1 0
github.com/maxthom/mir/examples/telemetry_device/gen/telemetry_device/v1/telemetry.pb.go:73.49,74.14 1 0
github.com/maxthom/mir/examples/telemetry_device/gen/telemetry_device/v1/telemetry.pb.go:74.14,76.3 1 0
github.com/maxthom/mir/examples/telemetry_device/gen/telemetry_device/v1/telemetry.pb.go:77.2,77.10 1 0
github.com/maxthom/mir/examples/telemetry_device/gen/telemetry_device/v1/telemetry.pb.go:80.46,81.14 1 0
github.com/maxthom/mir/examples/telemetry_device/gen/telemetry_device/v1/telemetry.pb.go:81.14,83.3 1 0
github.com/maxthom/mir/examples/telemetry_device/gen/telemetry_device/v1/telemetry.pb.go:84.2,84.10 1 0
github.com/maxthom/mir/examples/telemetry_device/gen/telemetry_device/v1/telemetry.pb.go:87.46,88.14 1 0
github.com/maxthom/mir/examples/telemetry_device/gen/telemetry_device/v1/telemetry.pb.go:88.14,90.3 1 0
github.com/maxthom/mir/examples/telemetry_device/gen/telemetry_device/v1/telemetry.pb.go:91.2,91.10 1 0
github.com/maxthom/mir/examples/telemetry_device/gen/telemetry_device/v1/telemetry.pb.go:94.47,95.14 1 0
github.com/maxthom/mir/examples/telemetry_device/gen/telemetry_device/v1/telemetry.pb.go:95.14,97.3 1 0
github.com/maxthom/mir/examples/telemetry_device/gen/telemetry_device/v1/telemetry.pb.go:98.2,98.10 1 0
github.com/maxthom/mir/examples/telemetry_device/gen/telemetry_device/v1/telemetry.pb.go:112.35,117.2 4 0
github.com/maxthom/mir/examples/telemetry_device/gen/telemetry_device/v1/telemetry.pb.go:119.43,121.2 1 0
github.com/maxthom/mir/examples/telemetry_device/gen/telemetry_device/v1/telemetry.pb.go:123.41,123.42 0 0
github.com/maxthom/mir/examples/telemetry_device/gen/telemetry_device/v1/telemetry.pb.go:125.63,127.14 2 0
github.com/maxthom/mir/examples/telemetry_device/gen/telemetry_device/v1/telemetry.pb.go:127.14,129.34 2 0
github.com/maxthom/mir/examples/telemetry_device/gen/telemetry_device/v1/telemetry.pb.go:129.34,131.4 1 0
github.com/maxthom/mir/examples/telemetry_device/gen/telemetry_device/v1/telemetry.pb.go:132.3,132.12 1 0
github.com/maxthom/mir/examples/telemetry_device/gen/telemetry_device/v1/telemetry.pb.go:134.2,134.24 1 0
github.com/maxthom/mir/examples/telemetry_device/gen/telemetry_device/v1/telemetry.pb.go:138.54,140.2 1 0
github.com/maxthom/mir/examples/telemetry_device/gen/telemetry_device/v1/telemetry.pb.go:142.41,143.14 1 0
github.com/maxthom/mir/examples/telemetry_device/gen/telemetry_device/v1/telemetry.pb.go:143.14,145.3 1 0
github.com/maxthom/mir/examples/telemetry_device/gen/telemetry_device/v1/telemetry.pb.go:146.2,146.10 1 0
github.com/maxthom/mir/examples/telemetry_device/gen/telemetry_device/v1/telemetry.pb.go:149.48,150.14 1 0
github.com/maxthom/mir/examples/telemetry_device/gen/telemetry_device/v1/telemetry.pb.go:150.14,152.3 1 0
github.com/maxthom/mir/examples/telemetry_device/gen/telemetry_device/v1/telemetry.pb.go:153.2,153.10 1 0
github.com/maxthom/mir/examples/telemetry_device/gen/telemetry_device/v1/telemetry.pb.go:156.44,157.14 1 0
github.com/maxthom/mir/examples/telemetry_device/gen/telemetry_device/v1/telemetry.pb.go:157.14,159.3 1 0
github.com/maxthom/mir/examples/telemetry_device/gen/telemetry_device/v1/telemetry.pb.go:160.2,160.10 1 0
github.com/maxthom/mir/examples/telemetry_device/gen/telemetry_device/v1/telemetry.pb.go:163.46,164.14 1 0
github.com/maxthom/mir/examples/telemetry_device/gen/telemetry_device/v1/telemetry.pb.go:164.14,166.3 1 0
github.com/maxthom/mir/examples/telemetry_device/gen/telemetry_device/v1/telemetry.pb.go:167.2,167.10 1 0
github.com/maxthom/mir/examples/telemetry_device/gen/telemetry_device/v1/telemetry.pb.go:179.33,184.2 4 0
github.com/maxthom/mir/examples/telemetry_device/gen/telemetry_device/v1/telemetry.pb.go:186.41,188.2 1 0
github.com/maxthom/mir/examples/telemetry_device/gen/telemetry_device/v1/telemetry.pb.go:190.39,190.40 0 0
github.com/maxthom/mir/examples/telemetry_device/gen/telemetry_device/v1/telemetry.pb.go:192.61,194.14 2 0
github.com/maxthom/mir/examples/telemetry_device/gen/telemetry_device/v1/telemetry.pb.go:194.14,196.34 2 0
github.com/maxthom/mir/examples/telemetry_device/gen/telemetry_device/v1/telemetry.pb.go:196.34,198.4 1 0
github.com/maxthom/mir/examples/telemetry_device/gen/telemetry_device/v1/telemetry.pb.go:199.3,199.12 1 0
github.com/maxthom/mir/examples/telemetry_device/gen/telemetry_device/v1/telemetry.pb.go:201.2,201.24 1 0
github.com/maxthom/mir/examples/telemetry_device/gen/telemetry_device/v1/telemetry.pb.go:205.52,207.2 1 0
github.com/maxthom/mir/examples/telemetry_device/gen/telemetry_device/v1/telemetry.pb.go:209.39,210.14 1 0
github.com/maxthom/mir/examples/telemetry_device/gen/telemetry_device/v1/telemetry.pb.go:210.14,212.3 1 0
github.com/maxthom/mir/examples/telemetry_device/gen/telemetry_device/v1/telemetry.pb.go:213.2,213.10 1 0
github.com/maxthom/mir/examples/telemetry_device/gen/telemetry_device/v1/telemetry.pb.go:216.54,217.14 1 0
github.com/maxthom/mir/examples/telemetry_device/gen/telemetry_device/v1/telemetry.pb.go:217.14,219.3 1 0
github.com/maxthom/mir/examples/telemetry_device/gen/telemetry_device/v1/telemetry.pb.go:220.2,220.12 1 0
github.com/maxthom/mir/examples/telemetry_device/gen/telemetry_device/v1/telemetry.pb.go:233.29,238.2 4 0
github.com/maxthom/mir/examples/telemetry_device/gen/telemetry_device/v1/telemetry.pb.go:240.37,242.2 1 0
github.com/maxthom/mir/examples/telemetry_device/gen/telemetry_device/v1/telemetry.pb.go:244.35,244.36 0 0
github.com/maxthom/mir/examples/telemetry_device/gen/telemetry_device/v1/telemetry.pb.go:246.57,248.14 2 0
github.com/maxthom/mir/examples/telemetry_device/gen/telemetry_device/v1/telemetry.pb.go:248.14,250.34 2 0
github.com/maxthom/mir/examples/telemetry_device/gen/telemetry_device/v1/telemetry.pb.go:250.34,252.4 1 0
github.com/maxthom/mir/examples/telemetry_device/gen/telemetry_device/v1/telemetry.pb.go:253.3,253.12 1 0
github.com/maxthom/mir/examples/telemetry_device/gen/telemetry_device/v1/telemetry.pb.go:255.2,255.24 1 0
github.com/maxthom/mir/examples/telemetry_device/gen/telemetry_device/v1/telemetry.pb.go:259.48,261.2 1 0
github.com/maxthom/mir/examples/telemetry_device/gen/telemetry_device/v1/telemetry.pb.go:263.36,264.14 1 0
github.com/maxthom/mir/examples/telemetry_device/gen/telemetry_device/v1/telemetry.pb.go:264.14,266.3 1 0
github.com/maxthom/mir/examples/telemetry_device/gen/telemetry_device/v1/telemetry.pb.go:267.2,267.11 1 0
github.com/maxthom/mir/examples/telemetry_device/gen/telemetry_device/v1/telemetry.pb.go:270.47,271.14 1 0
github.com/maxthom/mir/examples/telemetry_device/gen/telemetry_device/v1/telemetry.pb.go:271.14,273.3 1 0
github.com/maxthom/mir/examples/telemetry_device/gen/telemetry_device/v1/telemetry.pb.go:274.2,274.10 1 0
github.com/maxthom/mir/examples/telemetry_device/gen/telemetry_device/v1/telemetry.pb.go:277.35,278.14 1 0
github.com/maxthom/mir/examples/telemetry_device/gen/telemetry_device/v1/telemetry.pb.go:278.14,280.3 1 0
github.com/maxthom/mir/examples/telemetry_device/gen/telemetry_device/v1/telemetry.pb.go:281.2,281.12 1 0
github.com/maxthom/mir/examples/telemetry_device/gen/telemetry_device/v1/telemetry.pb.go:294.23,299.2 4 0
github.com/maxthom/mir/examples/telemetry_device/gen/telemetry_device/v1/telemetry.pb.go:301.31,303.2 1 0
github.com/maxthom/mir/examples/telemetry_device/gen/telemetry_device/v1/telemetry.pb.go:305.29,305.30 0 0
github.com/maxthom/mir/examples/telemetry_device/gen/telemetry_device/v1/telemetry.pb.go:307.51,309.14 2 0
github.com/maxthom/mir/examples/telemetry_device/gen/telemetry_device/v1/telemetry.pb.go:309.14,311.34 2 0
github.com/maxthom/mir/examples/telemetry_device/gen/telemetry_device/v1/telemetry.pb.go:311.34,313.4 1 0
github.com/maxthom/mir/examples/telemetry_device/gen/telemetry_device/v1/telemetry.pb.go:314.3,314.12 1 0
github.com/maxthom/mir/examples/telemetry_device/gen/telemetry_device/v1/telemetry.pb.go:316.2,316.24 1 0
github.com/maxthom/mir/examples/telemetry_device/gen/telemetry_device/v1/telemetry.pb.go:320.42,322.2 1 0
github.com/maxthom/mir/examples/telemetry_device/gen/telemetry_device/v1/telemetry.pb.go:324.37,325.14 1 0
github.com/maxthom/mir/examples/telemetry_device/gen/telemetry_device/v1/telemetry.pb.go:325.14,327.3 1 0
github.com/maxthom/mir/examples/telemetry_device/gen/telemetry_device/v1/telemetry.pb.go:328.2,328.10 1 0
github.com/maxthom/mir/examples/telemetry_device/gen/telemetry_device/v1/telemetry.pb.go:331.38,332.14 1 0
github.com/maxthom/mir/examples/telemetry_device/gen/telemetry_device/v1/telemetry.pb.go:332.14,334.3 1 0
github.com/maxthom/mir/examples/telemetry_device/gen/telemetry_device/v1/telemetry.pb.go:335.2,335.10 1 0
github.com/maxthom/mir/examples/telemetry_device/gen/telemetry_device/v1/telemetry.pb.go:338.37,339.14 1 0
github.com/maxthom/mir/examples/telemetry_device/gen/telemetry_device/v1/telemetry.pb.go:339.14,341.3 1 0
github.com/maxthom/mir/examples/telemetry_device/gen/telemetry_device/v1/telemetry.pb.go:342.2,342.10 1 0
github.com/maxthom/mir/examples/telemetry_device/gen/telemetry_device/v1/telemetry.pb.go:418.68,419.65 1 0
github.com/maxthom/mir/examples/telemetry_device/gen/telemetry_device/v1/telemetry.pb.go:419.65,421.3 1 0
github.com/maxthom/mir/examples/telemetry_device/gen/telemetry_device/v1/telemetry.pb.go:422.2,422.61 1 0
github.com/maxthom/mir/examples/telemetry_device/gen/telemetry_device/v1/telemetry.pb.go:445.13,445.64 1 0
github.com/maxthom/mir/examples/telemetry_device/gen/telemetry_device/v1/telemetry.pb.go:446.54,447.53 1 0
github.com/maxthom/mir/examples/telemetry_device/gen/telemetry_device/v1/telemetry.pb.go:447.53,449.3 1 0
github.com/maxthom/mir/examples/telemetry_device/gen/telemetry_device/v1/telemetry.pb.go:450.2,467.56 6 0
github.com/maxthom/mir/examples/telemetry_device/gen/telemetry_device/v1/utils.pb.go:54.13,54.60 1 0
github.com/maxthom/mir/examples/telemetry_device/gen/telemetry_device/v1/utils.pb.go:55.50,56.49 1 0
github.com/maxthom/mir/examples/telemetry_device/gen/telemetry_device/v1/utils.pb.go:56.49,58.3 1 0
github.com/maxthom/mir/examples/telemetry_device/gen/telemetry_device/v1/utils.pb.go:59.2,75.52 6 0
github.com/maxthom/mir/internal/clients/core_client/core.go:30.130,32.16 2 0
github.com/maxthom/mir/internal/clients/core_client/core.go:32.16,34.3 1 0
github.com/maxthom/mir/internal/clients/core_client/core.go:36.2,37.16 2 0
github.com/maxthom/mir/internal/clients/core_client/core.go:37.16,39.3 1 0
github.com/maxthom/mir/internal/clients/core_client/core.go:41.2,43.16 3 0
github.com/maxthom/mir/internal/clients/core_client/core.go:43.16,45.3 1 0
github.com/maxthom/mir/internal/clients/core_client/core.go:47.2,47.18 1 0
github.com/maxthom/mir/internal/clients/core_client/core.go:50.130,52.16 2 0
github.com/maxthom/mir/internal/clients/core_client/core.go:52.16,54.3 1 0
github.com/maxthom/mir/internal/clients/core_client/core.go:56.2,57.16 2 0
github.com/maxthom/mir/internal/clients/core_client/core.go:57.16,59.3 1 0
github.com/maxthom/mir/internal/clients/core_client/core.go:61.2,63.16 3 0
github.com/maxthom/mir/internal/clients/core_client/core.go:63.16,65.3 1 0
github.com/maxthom/mir/internal/clients/core_client/core.go:67.2,67.18 1 0
github.com/maxthom/mir/internal/clients/core_client/core.go:70.130,72.16 2 0
github.com/maxthom/mir/internal/clients/core_client/core.go:72.16,74.3 1 0
github.com/maxthom/mir/internal/clients/core_client/core.go:76.2,77.16 2 0
github.com/maxthom/mir/internal/clients/core_client/core.go:77.16,79.3 1 0
github.com/maxthom/mir/internal/clients/core_client/core.go:81.2,83.16 3 0
github.com/maxthom/mir/internal/clients/core_client/core.go:83.16,85.3 1 0
github.com/maxthom/mir/internal/clients/core_client/core.go:87.2,87.18 1 0
github.com/maxthom/mir/internal/clients/core_client/core.go:90.124,92.16 2 0
github.com/maxthom/mir/internal/clients/core_client/core.go:92.16,94.3 1 0
github.com/maxthom/mir/internal/clients/core_client/core.go:96.2,97.16 2 0
github.com/maxthom/mir/internal/clients/core_client/core.go:97.16,99.3 1 0
github.com/maxthom/mir/internal/clients/core_client/core.go:101.2,103.16 3 0
github.com/maxthom/mir/internal/clients/core_client/core.go:103.16,105.3 1 0
github.com/maxthom/mir/internal/clients/core_client/core.go:107.2,107.18 1 0
github.com/maxthom/mir/internal/clients/core_client/core.go:110.71,112.2 1 0
github.com/maxthom/mir/internal/clients/core_client/core.go:114.72,116.2 1 0
github.com/maxthom/mir/internal/clients/core_client/core.go:118.73,120.2 1 0
github.com/maxthom/mir/internal/clients/core_client/core.go:122.100,124.16 2 0
github.com/maxthom/mir/internal/clients/core_client/core.go:124.16,126.3 1 0
github.com/maxthom/mir/internal/clients/core_client/core.go:127.2,127.60 1 0
github.com/maxthom/mir/internal/clients/core_client/core.go:130.100,132.16 2 0
github.com/maxthom/mir/internal/clients/core_client/core.go:132.16,134.3 1 0
github.com/maxthom/mir/internal/clients/core_client/core.go:135.2,135.60 1 0
github.com/maxthom/mir/internal/clients/core_client/core.go:138.100,140.16 2 0
github.com/maxthom/mir/internal/clients/core_client/core.go:140.16,142.3 1 0
github.com/maxthom/mir/internal/clients/core_client/core.go:143.2,143.60 1 0
github.com/maxthom/mir/internal/libs/external/surreal/surreal.go:5.90,7.16 2 0
github.com/maxthom/mir/internal/libs/external/surreal/surreal.go:7.16,9.3 1 0
github.com/maxthom/mir/internal/libs/external/surreal/surreal.go:11.2,14.17 1 0
github.com/maxthom/mir/internal/libs/external/surreal/surreal.go:14.17,16.3 1 0
github.com/maxthom/mir/internal/libs/external/surreal/surreal.go:18.2,18.54 1 0
github.com/maxthom/mir/internal/libs/external/surreal/surreal.go:18.54,20.3 1 0
github.com/maxthom/mir/internal/libs/external/surreal/surreal.go:22.2,22.16 1 0
github.com/maxthom/mir/internal/libs/external/surreal/surreal.go:25.61,27.2 1 0
github.com/maxthom/mir/internal/libs/external/surreal/surreal.go:30.45,32.2 1 0
github.com/maxthom/mir/internal/libs/api/health/health.go:11.21,13.2 1 0
github.com/maxthom/mir/internal/libs/api/health/health.go:15.17,17.2 1 0
github.com/maxthom/mir/internal/libs/api/health/health.go:19.18,21.2 1 0
github.com/maxthom/mir/internal/libs/api/health/health.go:23.39,24.70 1 0
github.com/maxthom/mir/internal/libs/api/health/health.go:24.70,25.16 1 0
github.com/maxthom/mir/internal/libs/api/health/health.go:25.16,28.4 2 0
github.com/maxthom/mir/internal/libs/api/health/health.go:28.9,32.4 2 0
github.com/maxthom/mir/internal/libs/api/health/health.go:34.2,34.70 1 0
github.com/maxthom/mir/internal/libs/api/health/health.go:34.70,37.3 2 0
github.com/maxthom/mir/internal/externals/ts/tlm.go:14.73,18.2 1 0
github.com/maxthom/mir/internal/externals/ts/tlm.go:20.60,22.2 1 0
github.com/maxthom/mir/internal/externals/ts/tlm.go:24.54,26.2 1 0
github.com/maxthom/mir/internal/libs/api/metrics/metrics.go:31.105,56.2 10 0
github.com/maxthom/mir/internal/libs/api/metrics/metrics.go:58.38,60.2 1 0
github.com/maxthom/mir/internal/libs/api/metrics/metrics.go:63.65,64.26 1 0
github.com/maxthom/mir/internal/libs/api/metrics/metrics.go:64.26,66.3 1 0
github.com/maxthom/mir/internal/libs/api/metrics/metrics.go:67.2,67.26 1 0
github.com/maxthom/mir/internal/libs/api/metrics/metrics.go:67.26,69.3 1 0
github.com/maxthom/mir/internal/libs/api/metrics/metrics.go:70.2,72.36 2 0
github.com/maxthom/mir/internal/libs/api/metrics/metrics.go:76.89,77.26 1 0
github.com/maxthom/mir/internal/libs/api/metrics/metrics.go:77.26,79.3 1 0
github.com/maxthom/mir/internal/libs/api/metrics/metrics.go:80.2,80.26 1 0
github.com/maxthom/mir/internal/libs/api/metrics/metrics.go:80.26,82.3 1 0
github.com/maxthom/mir/internal/libs/api/metrics/metrics.go:83.2,85.47 2 0
github.com/maxthom/mir/internal/libs/api/metrics/metrics.go:89.59,90.26 1 0
github.com/maxthom/mir/internal/libs/api/metrics/metrics.go:90.26,92.3 1 0
github.com/maxthom/mir/internal/libs/api/metrics/metrics.go:93.2,93.26 1 0
github.com/maxthom/mir/internal/libs/api/metrics/metrics.go:93.26,95.3 1 0
github.com/maxthom/mir/internal/libs/api/metrics/metrics.go:96.2,98.34 2 0
github.com/maxthom/mir/internal/libs/api/metrics/metrics.go:102.71,103.26 1 0
github.com/maxthom/mir/internal/libs/api/metrics/metrics.go:103.26,105.3 1 0
github.com/maxthom/mir/internal/libs/api/metrics/metrics.go:106.2,106.26 1 0
github.com/maxthom/mir/internal/libs/api/metrics/metrics.go:106.26,108.3 1 0
github.com/maxthom/mir/internal/libs/api/metrics/metrics.go:109.2,111.38 2 0
github.com/maxthom/mir/internal/libs/api/metrics/metrics.go:115.65,116.26 1 0
github.com/maxthom/mir/internal/libs/api/metrics/metrics.go:116.26,118.3 1 0
github.com/maxthom/mir/internal/libs/api/metrics/metrics.go:119.2,119.26 1 0
github.com/maxthom/mir/internal/libs/api/metrics/metrics.go:119.26,121.3 1 0
github.com/maxthom/mir/internal/libs/api/metrics/metrics.go:122.2,124.36 2 0
github.com/maxthom/mir/internal/libs/api/metrics/metrics.go:127.39,129.2 1 0
github.com/maxthom/mir/internal/libs/api/metrics/metrics.go:132.39,134.2 1 0
github.com/maxthom/mir/internal/libs/api/metrics/metrics.go:137.62,138.17 1 0
github.com/maxthom/mir/internal/libs/api/metrics/metrics.go:138.17,140.3 1 0
github.com/maxthom/mir/internal/libs/api/metrics/metrics.go:141.2,141.30 1 0
github.com/maxthom/mir/internal/libs/api/metrics/metrics.go:141.30,143.3 1 0
github.com/maxthom/mir/internal/libs/api/metrics/metrics.go:144.2,144.13 1 0
github.com/maxthom/mir/internal/libs/external/influx/influx.go:12.107,15.16 3 0
github.com/maxthom/mir/internal/libs/external/influx/influx.go:15.16,24.3 1 0
github.com/maxthom/mir/internal/libs/external/influx/influx.go:26.2,29.16 2 0
github.com/maxthom/mir/internal/libs/external/influx/influx.go:29.16,30.109 1 0
github.com/maxthom/mir/internal/libs/external/influx/influx.go:30.109,32.4 1 0
github.com/maxthom/mir/internal/libs/external/influx/influx.go:33.3,33.13 1 0
github.com/maxthom/mir/internal/libs/external/influx/influx.go:35.2,35.12 1 0
github.com/maxthom/mir/internal/libs/compression/zstd/zstd.go:10.49,15.16 4 0
github.com/maxthom/mir/internal/libs/compression/zstd/zstd.go:15.16,17.3 1 0
github.com/maxthom/mir/internal/libs/compression/zstd/zstd.go:19.2,19.25 1 0
github.com/maxthom/mir/internal/libs/compression/zstd/zstd.go:22.50,24.16 2 0
github.com/maxthom/mir/internal/libs/compression/zstd/zstd.go:24.16,26.3 1 0
github.com/maxthom/mir/internal/libs/compression/zstd/zstd.go:27.2,28.16 2 0
github.com/maxthom/mir/internal/libs/compression/zstd/zstd.go:28.16,31.3 2 0
github.com/maxthom/mir/internal/libs/compression/zstd/zstd.go:32.2,32.20 1 0
github.com/maxthom/mir/internal/libs/compression/zstd/zstd.go:35.51,40.16 4 0
github.com/maxthom/mir/internal/libs/compression/zstd/zstd.go:40.16,42.3 1 0
github.com/maxthom/mir/internal/libs/compression/zstd/zstd.go:44.2,44.25 1 0
github.com/maxthom/mir/internal/libs/compression/zstd/zstd.go:47.52,49.16 2 0
github.com/maxthom/mir/internal/libs/compression/zstd/zstd.go:49.16,51.3 1 0
github.com/maxthom/mir/internal/libs/compression/zstd/zstd.go:52.2,56.12 3 0
github.com/maxthom/mir/internal/libs/external/natsio/natsio.go:26.67,29.28 3 0
github.com/maxthom/mir/internal/libs/external/natsio/natsio.go:29.28,31.3 1 0
github.com/maxthom/mir/internal/libs/external/natsio/natsio.go:34.2,36.17 2 0
github.com/maxthom/mir/internal/libs/external/natsio/natsio.go:39.37,40.28 1 0
github.com/maxthom/mir/internal/libs/external/natsio/natsio.go:40.28,47.3 1 0
github.com/maxthom/mir/internal/libs/external/natsio/natsio.go:50.60,51.28 1 0
github.com/maxthom/mir/internal/libs/external/natsio/natsio.go:51.28,55.3 1 0
github.com/maxthom/mir/internal/libs/external/natsio/natsio.go:58.64,59.28 1 0
github.com/maxthom/mir/internal/libs/external/natsio/natsio.go:59.28,63.3 1 0
github.com/maxthom/mir/internal/libs/external/natsio/natsio.go:66.60,67.28 1 0
github.com/maxthom/mir/internal/libs/external/natsio/natsio.go:67.28,71.3 1 0
github.com/maxthom/mir/internal/libs/external/natsio/natsio.go:74.56,75.28 1 0
github.com/maxthom/mir/internal/libs/external/natsio/natsio.go:75.28,77.3 1 0
github.com/maxthom/mir/internal/libs/external/natsio/natsio.go:80.90,81.21 1 0
github.com/maxthom/mir/internal/libs/external/natsio/natsio.go:81.21,83.17 2 0
github.com/maxthom/mir/internal/libs/external/natsio/natsio.go:83.17,85.4 1 0
github.com/maxthom/mir/internal/libs/external/natsio/natsio.go:86.3,87.17 2 0
github.com/maxthom/mir/internal/libs/external/natsio/natsio.go:87.17,89.4 1 0
github.com/maxthom/mir/internal/libs/external/natsio/natsio.go:90.8,92.3 1 0
github.com/maxthom/mir/internal/libs/external/natsio/natsio.go:93.2,93.12 1 0
github.com/maxthom/mir/internal/libs/external/natsio/natsio.go:96.69,97.21 1 0
github.com/maxthom/mir/internal/libs/external/natsio/natsio.go:97.21,99.17 2 0
github.com/maxthom/mir/internal/libs/external/natsio/natsio.go:99.17,101.4 1 0
github.com/maxthom/mir/internal/libs/external/natsio/natsio.go:102.8,104.3 1 0
github.com/maxthom/mir/internal/libs/external/natsio/natsio.go:105.2,105.12 1 0
github.com/maxthom/mir/internal/libs/boiler/mir_cli/cli.go:67.14,68.2 0 0
github.com/maxthom/mir/internal/libs/boiler/mir_cli/cli.go:85.54,89.28 2 0
github.com/maxthom/mir/internal/libs/boiler/mir_cli/cli.go:89.28,91.3 1 0
github.com/maxthom/mir/internal/libs/boiler/mir_cli/cli.go:93.2,98.17 6 0
github.com/maxthom/mir/internal/libs/boiler/mir_cli/cli.go:98.17,107.3 2 0
github.com/maxthom/mir/internal/libs/boiler/mir_cli/cli.go:108.2,110.22 2 0
github.com/maxthom/mir/internal/libs/boiler/mir_cli/cli.go:110.22,112.21 2 0
github.com/maxthom/mir/internal/libs/boiler/mir_cli/cli.go:112.21,114.4 1 0
github.com/maxthom/mir/internal/libs/boiler/mir_cli/cli.go:115.3,116.23 2 0
github.com/maxthom/mir/internal/libs/boiler/mir_cli/cli.go:120.20,123.19 2 0
github.com/maxthom/mir/internal/libs/boiler/mir_cli/cli.go:123.19,126.3 2 0
github.com/maxthom/mir/internal/libs/boiler/mir_cli/cli.go:127.2,127.21 1 0
github.com/maxthom/mir/internal/libs/boiler/mir_cli/cli.go:127.21,130.3 2 0
github.com/maxthom/mir/internal/libs/boiler/mir_cli/cli.go:131.2,131.12 1 0
github.com/maxthom/mir/internal/libs/boiler/mir_cli/cli.go:134.22,136.2 1 0
github.com/maxthom/mir/internal/libs/boiler/mir_cli/cli.go:138.49,139.27 1 0
github.com/maxthom/mir/internal/libs/boiler/mir_cli/cli.go:139.27,141.3 1 0
github.com/maxthom/mir/internal/libs/boiler/mir_cli/cli.go:144.89,145.27 1 0
github.com/maxthom/mir/internal/libs/boiler/mir_cli/cli.go:145.27,147.32 2 0
github.com/maxthom/mir/internal/libs/boiler/mir_cli/cli.go:147.32,149.4 1 0
github.com/maxthom/mir/internal/libs/boiler/mir_cli/cli.go:149.9,149.39 1 0
github.com/maxthom/mir/internal/libs/boiler/mir_cli/cli.go:149.39,151.4 1 0
github.com/maxthom/mir/internal/libs/boiler/mir_cli/cli.go:152.3,153.105 2 0
github.com/maxthom/mir/internal/libs/boiler/mir_cli/cli.go:157.91,158.27 1 0
github.com/maxthom/mir/internal/libs/boiler/mir_cli/cli.go:158.27,164.3 5 0
github.com/maxthom/mir/internal/libs/boiler/mir_cli/cli.go:167.52,168.27 1 0
github.com/maxthom/mir/internal/libs/boiler/mir_cli/cli.go:168.27,170.3 1 0
github.com/maxthom/mir/internal/libs/boiler/mir_cli/cli.go:173.42,174.27 1 0
github.com/maxthom/mir/internal/libs/boiler/mir_cli/cli.go:174.27,176.3 1 0
github.com/maxthom/mir/internal/libs/boiler/mir_cli/cli.go:179.48,180.27 1 0
github.com/maxthom/mir/internal/libs/boiler/mir_cli/cli.go:180.27,189.3 1 0
github.com/maxthom/mir/internal/libs/boiler/mir_cli/cli.go:192.44,193.27 1 0
github.com/maxthom/mir/internal/libs/boiler/mir_cli/cli.go:193.27,195.3 1 0
github.com/maxthom/mir/internal/libs/boiler/mir_log/log.go:15.50,25.2 2 0
github.com/maxthom/mir/internal/libs/boiler/mir_log/log.go:27.53,28.26 1 0
github.com/maxthom/mir/internal/libs/boiler/mir_log/log.go:28.26,30.3 1 0
github.com/maxthom/mir/internal/libs/boiler/mir_log/log.go:31.2,31.10 1 0
github.com/maxthom/mir/internal/libs/boiler/mir_log/log.go:50.64,51.25 1 0
github.com/maxthom/mir/internal/libs/boiler/mir_log/log.go:51.25,54.3 2 0
github.com/maxthom/mir/internal/libs/boiler/mir_log/log.go:61.53,63.28 2 0
github.com/maxthom/mir/internal/libs/boiler/mir_log/log.go:63.28,65.3 1 0
github.com/maxthom/mir/internal/libs/boiler/mir_log/log.go:66.2,66.23 1 0
github.com/maxthom/mir/internal/libs/boiler/mir_log/log.go:66.23,68.3 1 0
github.com/maxthom/mir/internal/libs/boiler/mir_log/log.go:69.2,69.31 1 0
github.com/maxthom/mir/internal/libs/boiler/mir_log/log.go:72.41,73.27 1 0
github.com/maxthom/mir/internal/libs/boiler/mir_log/log.go:73.27,76.3 2 0
github.com/maxthom/mir/internal/libs/boiler/mir_log/log.go:79.52,80.27 1 0
github.com/maxthom/mir/internal/libs/boiler/mir_log/log.go:80.27,82.19 2 0
github.com/maxthom/mir/internal/libs/boiler/mir_log/log.go:83.16,85.46 2 0
github.com/maxthom/mir/internal/libs/boiler/mir_log/log.go:86.16,88.46 2 0
github.com/maxthom/mir/internal/libs/boiler/mir_log/log.go:89.15,91.45 2 0
github.com/maxthom/mir/internal/libs/boiler/mir_log/log.go:92.15,94.45 2 0
github.com/maxthom/mir/internal/libs/boiler/mir_log/log.go:95.16,97.46 2 0
github.com/maxthom/mir/internal/libs/boiler/mir_log/log.go:98.16,100.46 2 0
github.com/maxthom/mir/internal/libs/boiler/mir_log/log.go:101.11,103.45 2 0
github.com/maxthom/mir/internal/libs/boiler/mir_log/log.go:114.109,116.17 2 0
github.com/maxthom/mir/internal/libs/boiler/mir_log/log.go:116.17,118.3 1 0
github.com/maxthom/mir/internal/libs/boiler/mir_log/log.go:118.8,118.31 1 0
github.com/maxthom/mir/internal/libs/boiler/mir_log/log.go:118.31,120.3 1 0
github.com/maxthom/mir/internal/libs/boiler/mir_log/log.go:120.8,120.32 1 0
github.com/maxthom/mir/internal/libs/boiler/mir_log/log.go:120.32,122.3 1 0
github.com/maxthom/mir/internal/libs/boiler/mir_log/log.go:123.2,124.27 2 0
github.com/maxthom/mir/internal/libs/boiler/mir_log/log.go:124.27,126.18 2 0
github.com/maxthom/mir/internal/libs/boiler/mir_log/log.go:127.16,129.46 2 0
github.com/maxthom/mir/internal/libs/boiler/mir_log/log.go:130.16,132.46 2 0
github.com/maxthom/mir/internal/libs/boiler/mir_log/log.go:133.15,135.45 2 0
github.com/maxthom/mir/internal/libs/boiler/mir_log/log.go:136.15,138.45 2 0
github.com/maxthom/mir/internal/libs/boiler/mir_log/log.go:139.16,141.46 2 0
github.com/maxthom/mir/internal/libs/boiler/mir_log/log.go:142.16,144.46 2 0
github.com/maxthom/mir/internal/libs/boiler/mir_log/log.go:145.11,147.45 2 0
github.com/maxthom/mir/internal/libs/boiler/mir_log/log.go:152.78,154.17 2 0
github.com/maxthom/mir/internal/libs/boiler/mir_log/log.go:154.17,156.3 1 0
github.com/maxthom/mir/internal/libs/boiler/mir_log/log.go:156.8,156.31 1 0
github.com/maxthom/mir/internal/libs/boiler/mir_log/log.go:156.31,158.3 1 0
github.com/maxthom/mir/internal/libs/boiler/mir_log/log.go:159.2,159.27 1 0
github.com/maxthom/mir/internal/libs/boiler/mir_log/log.go:159.27,161.18 2 0
github.com/maxthom/mir/internal/libs/boiler/mir_log/log.go:162.16,164.46 2 0
github.com/maxthom/mir/internal/libs/boiler/mir_log/log.go:165.16,167.46 2 0
github.com/maxthom/mir/internal/libs/boiler/mir_log/log.go:168.15,170.45 2 0
github.com/maxthom/mir/internal/libs/boiler/mir_log/log.go:171.15,173.45 2 0
github.com/maxthom/mir/internal/libs/boiler/mir_log/log.go:174.16,176.46 2 0
github.com/maxthom/mir/internal/libs/boiler/mir_log/log.go:177.16,179.46 2 0
github.com/maxthom/mir/internal/libs/boiler/mir_log/log.go:180.11,182.45 2 0
github.com/maxthom/mir/internal/libs/boiler/mir_log/log.go:187.50,188.25 1 0
github.com/maxthom/mir/internal/libs/boiler/mir_log/log.go:188.25,192.3 3 0
github.com/maxthom/mir/internal/libs/boiler/mir_log/log.go:195.59,196.25 1 0
github.com/maxthom/mir/internal/libs/boiler/mir_log/log.go:196.25,201.3 4 0
github.com/maxthom/mir/internal/libs/boiler/mir_log/log.go:204.73,206.16 2 0
github.com/maxthom/mir/internal/libs/boiler/mir_log/log.go:206.16,209.3 2 0
github.com/maxthom/mir/internal/libs/boiler/mir_log/log.go:210.2,211.73 2 0
github.com/maxthom/mir/internal/libs/boiler/mir_log/log.go:211.73,214.3 2 0
github.com/maxthom/mir/internal/libs/boiler/mir_log/log.go:215.2,216.16 2 0
github.com/maxthom/mir/internal/libs/boiler/mir_log/log.go:216.16,219.3 2 0
github.com/maxthom/mir/internal/libs/boiler/mir_log/log.go:220.2,220.25 1 0
github.com/maxthom/mir/internal/libs/boiler/mir_log/log.go:220.25,224.3 3 0
github.com/maxthom/mir/internal/libs/boiler/mir_log/log.go:227.45,228.25 1 0
github.com/maxthom/mir/internal/libs/boiler/mir_log/log.go:228.25,231.3 2 0
github.com/maxthom/mir/internal/libs/boiler/mir_log/log.go:234.52,235.25 1 0
github.com/maxthom/mir/internal/libs/boiler/mir_log/log.go:235.25,238.3 2 0
github.com/maxthom/mir/internal/libs/boiler/mir_signals/signals.go:17.31,20.2 2 0
github.com/maxthom/mir/internal/libs/boiler/mir_signals/signals.go:22.17,24.2 1 0
github.com/maxthom/mir/internal/libs/boiler/mir_signals/signals.go:27.42,28.6 1 0
github.com/maxthom/mir/internal/libs/boiler/mir_signals/signals.go:28.6,30.12 2 0
github.com/maxthom/mir/internal/libs/boiler/mir_signals/signals.go:31.56,34.10 3 0
github.com/maxthom/mir/internal/libs/boiler/mir_signals/signals.go:35.20,38.10 3 0
github.com/maxthom/mir/internal/libs/boiler/mir_signals/signals.go:39.11,40.59 1 0
github.com/maxthom/mir/internal/libs/boiler/mir_signals/signals.go:47.37,49.2 1 0
github.com/maxthom/mir/internal/libs/boiler/mir_signals/signals.go:51.31,52.2 0 0
github.com/maxthom/mir/internal/libs/boiler/mir_config/config.go:62.14,63.2 0 0
github.com/maxthom/mir/internal/libs/boiler/mir_config/config.go:84.25,86.2 1 0
github.com/maxthom/mir/internal/libs/boiler/mir_config/config.go:92.66,96.28 2 0
github.com/maxthom/mir/internal/libs/boiler/mir_config/config.go:96.28,98.3 1 0
github.com/maxthom/mir/internal/libs/boiler/mir_config/config.go:102.2,102.12 1 0
github.com/maxthom/mir/internal/libs/boiler/mir_config/config.go:105.75,107.34 1 0
github.com/maxthom/mir/internal/libs/boiler/mir_config/config.go:107.34,110.19 2 0
github.com/maxthom/mir/internal/libs/boiler/mir_config/config.go:111.13,112.26 1 0
github.com/maxthom/mir/internal/libs/boiler/mir_config/config.go:113.13,114.26 1 0
github.com/maxthom/mir/internal/libs/boiler/mir_config/config.go:115.11,116.90 1 0
github.com/maxthom/mir/internal/libs/boiler/mir_config/config.go:118.3,118.65 1 0
github.com/maxthom/mir/internal/libs/boiler/mir_config/config.go:118.65,119.67 1 0
github.com/maxthom/mir/internal/libs/boiler/mir_config/config.go:119.67,121.5 1 0
github.com/maxthom/mir/internal/libs/boiler/mir_config/config.go:122.9,124.4 1 0
github.com/maxthom/mir/internal/libs/boiler/mir_config/config.go:125.3,125.44 1 0
github.com/maxthom/mir/internal/libs/boiler/mir_config/config.go:135.2,136.15 2 0
github.com/maxthom/mir/internal/libs/boiler/mir_config/config.go:136.15,138.69 2 0
github.com/maxthom/mir/internal/libs/boiler/mir_config/config.go:138.69,140.4 1 0
github.com/maxthom/mir/internal/libs/boiler/mir_config/config.go:143.2,143.56 1 0
github.com/maxthom/mir/internal/libs/boiler/mir_config/config.go:146.94,148.17 2 0
github.com/maxthom/mir/internal/libs/boiler/mir_config/config.go:148.17,150.3 1 0
github.com/maxthom/mir/internal/libs/boiler/mir_config/config.go:151.2,151.50 1 0
github.com/maxthom/mir/internal/libs/boiler/mir_config/config.go:154.42,156.2 1 0
github.com/maxthom/mir/internal/libs/boiler/mir_config/config.go:158.42,160.2 1 0
github.com/maxthom/mir/internal/libs/boiler/mir_config/config.go:162.52,164.2 1 0
github.com/maxthom/mir/internal/libs/boiler/mir_config/config.go:166.46,168.2 1 0
github.com/maxthom/mir/internal/libs/boiler/mir_config/config.go:170.81,171.30 1 0
github.com/maxthom/mir/internal/libs/boiler/mir_config/config.go:171.30,172.42 1 0
github.com/maxthom/mir/internal/libs/boiler/mir_config/config.go:172.42,173.18 1 0
github.com/maxthom/mir/internal/libs/boiler/mir_config/config.go:173.18,178.5 1 0
github.com/maxthom/mir/internal/libs/boiler/mir_config/config.go:183.85,184.30 1 0
github.com/maxthom/mir/internal/libs/boiler/mir_config/config.go:184.30,185.42 1 0
github.com/maxthom/mir/internal/libs/boiler/mir_config/config.go:185.42,190.4 1 0
github.com/maxthom/mir/internal/libs/boiler/mir_config/config.go:194.88,195.30 1 0
github.com/maxthom/mir/internal/libs/boiler/mir_config/config.go:195.30,196.42 1 0
github.com/maxthom/mir/internal/libs/boiler/mir_config/config.go:196.42,202.4 2 0
github.com/maxthom/mir/internal/libs/boiler/mir_config/config.go:206.98,207.30 1 0
github.com/maxthom/mir/internal/libs/boiler/mir_config/config.go:207.30,208.42 1 0
github.com/maxthom/mir/internal/libs/boiler/mir_config/config.go:208.42,210.18 2 0
github.com/maxthom/mir/internal/libs/boiler/mir_config/config.go:210.18,213.5 2 0
github.com/maxthom/mir/internal/libs/boiler/mir_config/config.go:214.4,220.6 3 0
github.com/maxthom/mir/internal/libs/boiler/mir_config/config.go:225.50,226.30 1 0
github.com/maxthom/mir/internal/libs/boiler/mir_config/config.go:226.30,229.3 2 0
github.com/maxthom/mir/internal/libs/boiler/mir_config/config.go:232.64,238.22 4 0
github.com/maxthom/mir/internal/libs/boiler/mir_config/config.go:238.22,239.10 1 0
github.com/maxthom/mir/internal/libs/boiler/mir_config/config.go:240.17,241.18 1 0
github.com/maxthom/mir/internal/libs/boiler/mir_config/config.go:242.16,244.19 2 0
github.com/maxthom/mir/internal/libs/boiler/mir_config/config.go:245.11,246.30 1 0
github.com/maxthom/mir/internal/libs/boiler/mir_config/config.go:249.2,249.23 1 0
github.com/maxthom/mir/internal/libs/boiler/mir_config/print.go:15.55,19.45 3 0
github.com/maxthom/mir/internal/libs/boiler/mir_config/print.go:19.45,21.35 1 0
github.com/maxthom/mir/internal/libs/boiler/mir_config/print.go:21.35,22.12 1 0
github.com/maxthom/mir/internal/libs/boiler/mir_config/print.go:24.3,28.20 4 0
github.com/maxthom/mir/internal/libs/boiler/mir_config/print.go:28.20,30.4 1 0
github.com/maxthom/mir/internal/libs/boiler/mir_config/print.go:32.3,32.55 1 0
github.com/maxthom/mir/internal/libs/boiler/mir_config/print.go:32.55,34.4 1 0
github.com/maxthom/mir/internal/libs/boiler/mir_config/print.go:34.9,34.53 1 0
github.com/maxthom/mir/internal/libs/boiler/mir_config/print.go:34.53,36.18 2 0
github.com/maxthom/mir/internal/libs/boiler/mir_config/print.go:36.18,38.5 1 0
github.com/maxthom/mir/internal/libs/boiler/mir_config/print.go:39.4,40.65 2 0
github.com/maxthom/mir/internal/libs/boiler/mir_config/print.go:40.65,42.5 1 0
github.com/maxthom/mir/internal/libs/boiler/mir_config/print.go:43.4,43.29 1 0
github.com/maxthom/mir/internal/libs/boiler/mir_config/print.go:44.9,46.4 1 0
github.com/maxthom/mir/internal/libs/boiler/mir_config/print.go:48.2,48.27 1 0
github.com/maxthom/mir/internal/libs/boiler/mir_config/print.go:51.43,54.2 2 0
github.com/maxthom/mir/internal/clients/subject.go:11.43,13.2 1 0
github.com/maxthom/mir/internal/clients/subject.go:15.49,17.2 1 0
github.com/maxthom/mir/internal/clients/subject.go:19.37,21.21 2 0
github.com/maxthom/mir/internal/clients/subject.go:21.21,23.3 1 0
github.com/maxthom/mir/internal/clients/subject.go:24.2,24.17 1 0
github.com/maxthom/mir/internal/clients/subject.go:27.33,29.21 2 0
github.com/maxthom/mir/internal/clients/subject.go:29.21,31.3 1 0
github.com/maxthom/mir/internal/clients/subject.go:32.2,32.17 1 0
github.com/maxthom/mir/internal/clients/subject.go:35.37,37.21 2 0
github.com/maxthom/mir/internal/clients/subject.go:37.21,39.3 1 0
github.com/maxthom/mir/internal/clients/subject.go:40.2,40.17 1 0
github.com/maxthom/mir/internal/clients/subject.go:43.38,45.21 2 0
github.com/maxthom/mir/internal/clients/subject.go:45.21,47.3 1 0
github.com/maxthom/mir/internal/clients/subject.go:48.2,48.17 1 0
github.com/maxthom/mir/internal/clients/subject.go:51.39,53.21 2 0
github.com/maxthom/mir/internal/clients/subject.go:53.21,55.3 1 0
github.com/maxthom/mir/internal/clients/subject.go:56.2,56.17 1 0
github.com/maxthom/mir/internal/clients/subject.go:59.39,61.21 2 0
github.com/maxthom/mir/internal/clients/subject.go:61.21,63.3 1 0
github.com/maxthom/mir/internal/clients/subject.go:64.2,64.17 1 0
github.com/maxthom/mir/internal/clients/subject.go:67.44,69.21 2 0
github.com/maxthom/mir/internal/clients/subject.go:69.21,71.3 1 0
github.com/maxthom/mir/internal/clients/subject.go:72.2,72.17 1 0
github.com/maxthom/mir/internal/clients/subject.go:75.45,77.21 2 0
github.com/maxthom/mir/internal/clients/subject.go:77.21,79.3 1 0
github.com/maxthom/mir/internal/clients/subject.go:80.2,80.17 1 0
github.com/maxthom/mir/internal/clients/subject.go:83.55,85.21 2 1
github.com/maxthom/mir/internal/clients/subject.go:85.21,87.3 1 0
github.com/maxthom/mir/internal/clients/subject.go:88.2,88.37 1 1
github.com/maxthom/mir/internal/clients/core_client/core.go:30.130,32.16 2 0
github.com/maxthom/mir/internal/clients/core_client/core.go:32.16,34.3 1 0
github.com/maxthom/mir/internal/clients/core_client/core.go:36.2,37.16 2 0
github.com/maxthom/mir/internal/clients/core_client/core.go:37.16,39.3 1 0
github.com/maxthom/mir/internal/clients/core_client/core.go:41.2,43.16 3 0
github.com/maxthom/mir/internal/clients/core_client/core.go:43.16,45.3 1 0
github.com/maxthom/mir/internal/clients/core_client/core.go:47.2,47.18 1 0
github.com/maxthom/mir/internal/clients/core_client/core.go:50.130,52.16 2 0
github.com/maxthom/mir/internal/clients/core_client/core.go:52.16,54.3 1 0
github.com/maxthom/mir/internal/clients/core_client/core.go:56.2,57.16 2 0
github.com/maxthom/mir/internal/clients/core_client/core.go:57.16,59.3 1 0
github.com/maxthom/mir/internal/clients/core_client/core.go:61.2,63.16 3 0
github.com/maxthom/mir/internal/clients/core_client/core.go:63.16,65.3 1 0
github.com/maxthom/mir/internal/clients/core_client/core.go:67.2,67.18 1 0
github.com/maxthom/mir/internal/clients/core_client/core.go:70.130,72.16 2 0
github.com/maxthom/mir/internal/clients/core_client/core.go:72.16,74.3 1 0
github.com/maxthom/mir/internal/clients/core_client/core.go:76.2,77.16 2 0
github.com/maxthom/mir/internal/clients/core_client/core.go:77.16,79.3 1 0
github.com/maxthom/mir/internal/clients/core_client/core.go:81.2,83.16 3 0
github.com/maxthom/mir/internal/clients/core_client/core.go:83.16,85.3 1 0
github.com/maxthom/mir/internal/clients/core_client/core.go:87.2,87.18 1 0
github.com/maxthom/mir/internal/clients/core_client/core.go:90.124,92.16 2 0
github.com/maxthom/mir/internal/clients/core_client/core.go:92.16,94.3 1 0
github.com/maxthom/mir/internal/clients/core_client/core.go:96.2,97.16 2 0
github.com/maxthom/mir/internal/clients/core_client/core.go:97.16,99.3 1 0
github.com/maxthom/mir/internal/clients/core_client/core.go:101.2,103.16 3 0
github.com/maxthom/mir/internal/clients/core_client/core.go:103.16,105.3 1 0
github.com/maxthom/mir/internal/clients/core_client/core.go:107.2,107.18 1 0
github.com/maxthom/mir/internal/clients/core_client/core.go:110.71,112.2 1 0
github.com/maxthom/mir/internal/clients/core_client/core.go:114.72,116.2 1 0
github.com/maxthom/mir/internal/clients/core_client/core.go:118.73,120.2 1 0
github.com/maxthom/mir/internal/clients/core_client/core.go:122.100,124.16 2 0
github.com/maxthom/mir/internal/clients/core_client/core.go:124.16,126.3 1 0
github.com/maxthom/mir/internal/clients/core_client/core.go:127.2,127.60 1 0
github.com/maxthom/mir/internal/clients/core_client/core.go:130.100,132.16 2 0
github.com/maxthom/mir/internal/clients/core_client/core.go:132.16,134.3 1 0
github.com/maxthom/mir/internal/clients/core_client/core.go:135.2,135.60 1 0
github.com/maxthom/mir/internal/clients/core_client/core.go:138.100,140.16 2 0
github.com/maxthom/mir/internal/clients/core_client/core.go:140.16,142.3 1 0
github.com/maxthom/mir/internal/clients/core_client/core.go:143.2,143.60 1 0
github.com/maxthom/mir/internal/clients/device_client/device.go:18.116,20.16 2 0
github.com/maxthom/mir/internal/clients/device_client/device.go:20.16,22.3 1 0
github.com/maxthom/mir/internal/clients/device_client/device.go:24.2,25.53 2 0
github.com/maxthom/mir/internal/clients/device_client/device.go:25.53,27.17 2 0
github.com/maxthom/mir/internal/clients/device_client/device.go:27.17,29.4 1 0
github.com/maxthom/mir/internal/clients/device_client/device.go:32.2,34.16 3 0
github.com/maxthom/mir/internal/clients/device_client/device.go:34.16,36.3 1 0
github.com/maxthom/mir/internal/clients/device_client/device.go:38.2,38.18 1 0
github.com/maxthom/mir/internal/clients/protoflux_client/telemetry.go:15.99,17.16 2 0
github.com/maxthom/mir/internal/clients/protoflux_client/telemetry.go:17.16,19.3 1 0
github.com/maxthom/mir/internal/clients/protoflux_client/telemetry.go:21.2,27.4 1 0
github.com/maxthom/mir/internal/externals/mng/devices.go:29.66,33.2 1 1
github.com/maxthom/mir/internal/externals/mng/devices.go:35.111,38.16 3 0
github.com/maxthom/mir/internal/externals/mng/devices.go:38.16,40.3 1 0
github.com/maxthom/mir/internal/externals/mng/devices.go:41.2,41.18 1 0
github.com/maxthom/mir/internal/externals/mng/devices.go:44.115,46.24 1 1
github.com/maxthom/mir/internal/externals/mng/devices.go:46.24,48.3 1 0
github.com/maxthom/mir/internal/externals/mng/devices.go:49.2,55.16 3 1
github.com/maxthom/mir/internal/externals/mng/devices.go:55.16,58.3 1 0
github.com/maxthom/mir/internal/externals/mng/devices.go:59.2,59.24 1 1
github.com/maxthom/mir/internal/externals/mng/devices.go:59.24,61.3 1 0
github.com/maxthom/mir/internal/externals/mng/devices.go:64.2,65.16 2 1
github.com/maxthom/mir/internal/externals/mng/devices.go:65.16,67.3 1 0
github.com/maxthom/mir/internal/externals/mng/devices.go:68.2,70.16 3 1
github.com/maxthom/mir/internal/externals/mng/devices.go:70.16,72.3 1 0
github.com/maxthom/mir/internal/externals/mng/devices.go:73.2,73.20 1 1
github.com/maxthom/mir/internal/externals/mng/devices.go:76.115,82.38 1 0
github.com/maxthom/mir/internal/externals/mng/devices.go:82.38,84.3 1 0
github.com/maxthom/mir/internal/externals/mng/devices.go:90.2,94.16 5 0
github.com/maxthom/mir/internal/externals/mng/devices.go:94.16,96.3 1 0
github.com/maxthom/mir/internal/externals/mng/devices.go:98.2,98.20 1 0
github.com/maxthom/mir/internal/externals/mng/devices.go:101.115,107.38 1 1
github.com/maxthom/mir/internal/externals/mng/devices.go:107.38,109.3 1 0
github.com/maxthom/mir/internal/externals/mng/devices.go:111.2,115.16 3 1
github.com/maxthom/mir/internal/externals/mng/devices.go:115.16,117.3 1 0
github.com/maxthom/mir/internal/externals/mng/devices.go:119.2,121.16 3 1
github.com/maxthom/mir/internal/externals/mng/devices.go:121.16,123.3 1 0
github.com/maxthom/mir/internal/externals/mng/devices.go:125.2,125.24 1 1
github.com/maxthom/mir/internal/externals/mng/devices.go:128.100,134.20 5 1
github.com/maxthom/mir/internal/externals/mng/devices.go:134.20,137.3 2 1
github.com/maxthom/mir/internal/externals/mng/devices.go:139.2,141.8 3 1
github.com/maxthom/mir/internal/externals/mng/devices.go:144.127,148.21 4 0
github.com/maxthom/mir/internal/externals/mng/devices.go:148.21,150.27 2 0
github.com/maxthom/mir/internal/externals/mng/devices.go:150.27,153.4 2 0
github.com/maxthom/mir/internal/externals/mng/devices.go:154.3,154.32 1 0
github.com/maxthom/mir/internal/externals/mng/devices.go:154.32,157.4 2 0
github.com/maxthom/mir/internal/externals/mng/devices.go:158.3,158.57 1 0
github.com/maxthom/mir/internal/externals/mng/devices.go:158.57,160.42 2 0
github.com/maxthom/mir/internal/externals/mng/devices.go:160.42,165.39 5 0
github.com/maxthom/mir/internal/externals/mng/devices.go:165.39,167.6 1 0
github.com/maxthom/mir/internal/externals/mng/devices.go:167.11,169.6 1 0
github.com/maxthom/mir/internal/externals/mng/devices.go:170.5,170.23 1 0
github.com/maxthom/mir/internal/externals/mng/devices.go:172.4,172.23 1 0
github.com/maxthom/mir/internal/externals/mng/devices.go:174.3,174.67 1 0
github.com/maxthom/mir/internal/externals/mng/devices.go:174.67,176.47 2 0
github.com/maxthom/mir/internal/externals/mng/devices.go:176.47,181.39 5 0
github.com/maxthom/mir/internal/externals/mng/devices.go:181.39,183.6 1 0
github.com/maxthom/mir/internal/externals/mng/devices.go:183.11,185.6 1 0
github.com/maxthom/mir/internal/externals/mng/devices.go:186.5,186.23 1 0
github.com/maxthom/mir/internal/externals/mng/devices.go:188.4,188.23 1 0
github.com/maxthom/mir/internal/externals/mng/devices.go:190.3,190.22 1 0
github.com/maxthom/mir/internal/externals/mng/devices.go:192.2,192.21 1 0
github.com/maxthom/mir/internal/externals/mng/devices.go:192.21,194.31 2 0
github.com/maxthom/mir/internal/externals/mng/devices.go:194.31,197.4 2 0
github.com/maxthom/mir/internal/externals/mng/devices.go:198.3,198.22 1 0
github.com/maxthom/mir/internal/externals/mng/devices.go:200.2,200.23 1 0
github.com/maxthom/mir/internal/externals/mng/devices.go:200.23,202.99 2 0
github.com/maxthom/mir/internal/externals/mng/devices.go:202.99,205.4 2 0
github.com/maxthom/mir/internal/externals/mng/devices.go:206.3,206.31 1 0
github.com/maxthom/mir/internal/externals/mng/devices.go:206.31,209.4 2 0
github.com/maxthom/mir/internal/externals/mng/devices.go:210.3,210.31 1 0
github.com/maxthom/mir/internal/externals/mng/devices.go:210.31,212.49 2 0
github.com/maxthom/mir/internal/externals/mng/devices.go:212.49,215.5 2 0
github.com/maxthom/mir/internal/externals/mng/devices.go:216.4,216.45 1 0
github.com/maxthom/mir/internal/externals/mng/devices.go:216.45,219.5 2 0
github.com/maxthom/mir/internal/externals/mng/devices.go:220.4,220.116 1 0
github.com/maxthom/mir/internal/externals/mng/devices.go:220.116,223.5 2 0
github.com/maxthom/mir/internal/externals/mng/devices.go:224.4,224.23 1 0
github.com/maxthom/mir/internal/externals/mng/devices.go:226.3,226.22 1 0
github.com/maxthom/mir/internal/externals/mng/devices.go:229.2,234.8 5 0
github.com/maxthom/mir/internal/externals/mng/devices.go:237.104,246.2 7 1
github.com/maxthom/mir/internal/externals/mng/devices.go:248.68,250.14 2 1
github.com/maxthom/mir/internal/externals/mng/devices.go:250.14,252.3 1 0
github.com/maxthom/mir/internal/externals/mng/devices.go:254.2,255.20 2 1
github.com/maxthom/mir/internal/externals/mng/devices.go:255.20,257.28 2 1
github.com/maxthom/mir/internal/externals/mng/devices.go:257.28,259.4 1 1
github.com/maxthom/mir/internal/externals/mng/devices.go:260.3,260.47 1 1
github.com/maxthom/mir/internal/externals/mng/devices.go:262.2,262.22 1 1
github.com/maxthom/mir/internal/externals/mng/devices.go:262.22,264.30 2 0
github.com/maxthom/mir/internal/externals/mng/devices.go:264.30,266.4 1 0
github.com/maxthom/mir/internal/externals/mng/devices.go:267.3,267.47 1 0
github.com/maxthom/mir/internal/externals/mng/devices.go:269.2,269.27 1 1
github.com/maxthom/mir/internal/externals/mng/devices.go:269.27,271.35 2 0
github.com/maxthom/mir/internal/externals/mng/devices.go:271.35,273.4 1 0
github.com/maxthom/mir/internal/externals/mng/devices.go:274.3,274.47 1 0
github.com/maxthom/mir/internal/externals/mng/devices.go:276.2,276.23 1 1
github.com/maxthom/mir/internal/externals/mng/devices.go:276.23,278.30 2 1
github.com/maxthom/mir/internal/externals/mng/devices.go:278.30,280.4 1 1
github.com/maxthom/mir/internal/externals/mng/devices.go:281.3,281.56 1 1
github.com/maxthom/mir/internal/externals/mng/devices.go:283.2,283.28 1 1
github.com/maxthom/mir/internal/externals/mng/devices.go:283.28,285.35 2 0
github.com/maxthom/mir/internal/externals/mng/devices.go:285.35,287.4 1 0
github.com/maxthom/mir/internal/externals/mng/devices.go:288.3,288.56 1 0
github.com/maxthom/mir/internal/externals/mng/devices.go:291.2,293.11 3 1
github.com/maxthom/mir/internal/externals/mng/devices.go:296.97,299.16 3 1
github.com/maxthom/mir/internal/externals/mng/devices.go:299.16,301.3 1 0
github.com/maxthom/mir/internal/externals/mng/devices.go:303.2,304.16 2 1
github.com/maxthom/mir/internal/externals/mng/devices.go:304.16,306.3 1 0
github.com/maxthom/mir/internal/externals/mng/devices.go:308.2,308.17 1 1
github.com/maxthom/mir/internal/libs/boiler/mir_config/config.go:62.14,63.2 0 1
github.com/maxthom/mir/internal/libs/boiler/mir_config/config.go:84.25,86.2 1 0
github.com/maxthom/mir/internal/libs/boiler/mir_config/config.go:92.66,96.28 2 0
github.com/maxthom/mir/internal/libs/boiler/mir_config/config.go:96.28,98.3 1 0
github.com/maxthom/mir/internal/libs/boiler/mir_config/config.go:102.2,102.12 1 0
github.com/maxthom/mir/internal/libs/boiler/mir_config/config.go:105.75,107.34 1 0
github.com/maxthom/mir/internal/libs/boiler/mir_config/config.go:107.34,110.19 2 0
github.com/maxthom/mir/internal/libs/boiler/mir_config/config.go:111.13,112.26 1 0
github.com/maxthom/mir/internal/libs/boiler/mir_config/config.go:113.13,114.26 1 0
github.com/maxthom/mir/internal/libs/boiler/mir_config/config.go:115.11,116.90 1 0
github.com/maxthom/mir/internal/libs/boiler/mir_config/config.go:118.3,118.65 1 0
github.com/maxthom/mir/internal/libs/boiler/mir_config/config.go:118.65,119.67 1 0
github.com/maxthom/mir/internal/libs/boiler/mir_config/config.go:119.67,121.5 1 0
github.com/maxthom/mir/internal/libs/boiler/mir_config/config.go:122.9,124.4 1 0
github.com/maxthom/mir/internal/libs/boiler/mir_config/config.go:125.3,125.44 1 0
github.com/maxthom/mir/internal/libs/boiler/mir_config/config.go:135.2,136.15 2 0
github.com/maxthom/mir/internal/libs/boiler/mir_config/config.go:136.15,138.69 2 0
github.com/maxthom/mir/internal/libs/boiler/mir_config/config.go:138.69,140.4 1 0
github.com/maxthom/mir/internal/libs/boiler/mir_config/config.go:143.2,143.56 1 0
github.com/maxthom/mir/internal/libs/boiler/mir_config/config.go:146.94,148.17 2 0
github.com/maxthom/mir/internal/libs/boiler/mir_config/config.go:148.17,150.3 1 0
github.com/maxthom/mir/internal/libs/boiler/mir_config/config.go:151.2,151.50 1 0
github.com/maxthom/mir/internal/libs/boiler/mir_config/config.go:154.42,156.2 1 0
github.com/maxthom/mir/internal/libs/boiler/mir_config/config.go:158.42,160.2 1 0
github.com/maxthom/mir/internal/libs/boiler/mir_config/config.go:162.52,164.2 1 0
github.com/maxthom/mir/internal/libs/boiler/mir_config/config.go:166.46,168.2 1 0
github.com/maxthom/mir/internal/libs/boiler/mir_config/config.go:170.81,171.30 1 0
github.com/maxthom/mir/internal/libs/boiler/mir_config/config.go:171.30,172.42 1 0
github.com/maxthom/mir/internal/libs/boiler/mir_config/config.go:172.42,173.18 1 0
github.com/maxthom/mir/internal/libs/boiler/mir_config/config.go:173.18,178.5 1 0
github.com/maxthom/mir/internal/libs/boiler/mir_config/config.go:183.85,184.30 1 0
github.com/maxthom/mir/internal/libs/boiler/mir_config/config.go:184.30,185.42 1 0
github.com/maxthom/mir/internal/libs/boiler/mir_config/config.go:185.42,190.4 1 0
github.com/maxthom/mir/internal/libs/boiler/mir_config/config.go:194.88,195.30 1 0
github.com/maxthom/mir/internal/libs/boiler/mir_config/config.go:195.30,196.42 1 0
github.com/maxthom/mir/internal/libs/boiler/mir_config/config.go:196.42,202.4 2 0
github.com/maxthom/mir/internal/libs/boiler/mir_config/config.go:206.98,207.30 1 0
github.com/maxthom/mir/internal/libs/boiler/mir_config/config.go:207.30,208.42 1 0
github.com/maxthom/mir/internal/libs/boiler/mir_config/config.go:208.42,210.18 2 0
github.com/maxthom/mir/internal/libs/boiler/mir_config/config.go:210.18,213.5 2 0
github.com/maxthom/mir/internal/libs/boiler/mir_config/config.go:214.4,220.6 3 0
[...]
github.com/maxthom/mir/pkgs/device/gen/proto/mir/device/v1/mir.pb.go:320.43,322.2 1 0
github.com/maxthom/mir/pkgs/device/gen/proto/mir/device/v1/mir.pb.go:335.25,340.2 4 0
github.com/maxthom/mir/pkgs/device/gen/proto/mir/device/v1/mir.pb.go:342.33,344.2 1 0
github.com/maxthom/mir/pkgs/device/gen/proto/mir/device/v1/mir.pb.go:346.31,346.32 0 0
github.com/maxthom/mir/pkgs/device/gen/proto/mir/device/v1/mir.pb.go:348.53,350.14 2 0
github.com/maxthom/mir/pkgs/device/gen/proto/mir/device/v1/mir.pb.go:350.14,352.34 2 0
github.com/maxthom/mir/pkgs/device/gen/proto/mir/device/v1/mir.pb.go:352.34,354.4 1 0
github.com/maxthom/mir/pkgs/device/gen/proto/mir/device/v1/mir.pb.go:355.3,355.12 1 0
github.com/maxthom/mir/pkgs/device/gen/proto/mir/device/v1/mir.pb.go:357.2,357.24 1 0
github.com/maxthom/mir/pkgs/device/gen/proto/mir/device/v1/mir.pb.go:361.44,363.2 1 0
github.com/maxthom/mir/pkgs/device/gen/proto/mir/device/v1/mir.pb.go:365.34,366.14 1 0
github.com/maxthom/mir/pkgs/device/gen/proto/mir/device/v1/mir.pb.go:366.14,368.3 1 0
github.com/maxthom/mir/pkgs/device/gen/proto/mir/device/v1/mir.pb.go:369.2,369.10 1 0
github.com/maxthom/mir/pkgs/device/gen/proto/mir/device/v1/mir.pb.go:372.37,373.14 1 0
github.com/maxthom/mir/pkgs/device/gen/proto/mir/device/v1/mir.pb.go:373.14,375.3 1 0
github.com/maxthom/mir/pkgs/device/gen/proto/mir/device/v1/mir.pb.go:376.2,376.11 1 0
github.com/maxthom/mir/pkgs/device/gen/proto/mir/device/v1/mir.pb.go:379.39,380.14 1 0
github.com/maxthom/mir/pkgs/device/gen/proto/mir/device/v1/mir.pb.go:380.14,382.3 1 0
github.com/maxthom/mir/pkgs/device/gen/proto/mir/device/v1/mir.pb.go:383.2,383.12 1 0
github.com/maxthom/mir/pkgs/device/gen/proto/mir/device/v1/mir.pb.go:534.56,535.53 1 0
github.com/maxthom/mir/pkgs/device/gen/proto/mir/device/v1/mir.pb.go:535.53,537.3 1 0
github.com/maxthom/mir/pkgs/device/gen/proto/mir/device/v1/mir.pb.go:538.2,538.49 1 0
github.com/maxthom/mir/pkgs/device/gen/proto/mir/device/v1/mir.pb.go:574.13,574.52 1 1
github.com/maxthom/mir/pkgs/device/gen/proto/mir/device/v1/mir.pb.go:575.42,576.41 1 1
github.com/maxthom/mir/pkgs/device/gen/proto/mir/device/v1/mir.pb.go:576.41,578.3 1 0
github.com/maxthom/mir/pkgs/device/gen/proto/mir/device/v1/mir.pb.go:579.2,598.44 6 1
github.com/maxthom/mir/pkgs/device/mir/commands.go:21.13,25.2 3 1
github.com/maxthom/mir/pkgs/device/mir/commands.go:27.57,29.16 2 1
github.com/maxthom/mir/pkgs/device/mir/commands.go:29.16,39.3 1 0
github.com/maxthom/mir/pkgs/device/mir/commands.go:41.2,45.15 1 1
github.com/maxthom/mir/pkgs/device/mir/commands.go:48.57,51.16 3 0
github.com/maxthom/mir/pkgs/device/mir/commands.go:51.16,57.3 1 0
github.com/maxthom/mir/pkgs/device/mir/commands.go:59.2,60.9 2 0
github.com/maxthom/mir/pkgs/device/mir/commands.go:60.9,66.3 1 0
github.com/maxthom/mir/pkgs/device/mir/commands.go:68.2,71.57 3 0
github.com/maxthom/mir/pkgs/device/mir/commands.go:71.57,77.3 1 0
github.com/maxthom/mir/pkgs/device/mir/commands.go:79.2,80.16 2 0
github.com/maxthom/mir/pkgs/device/mir/commands.go:80.16,86.3 1 0
github.com/maxthom/mir/pkgs/device/mir/commands.go:88.2,88.20 1 0
github.com/maxthom/mir/pkgs/device/mir/commands.go:88.20,90.3 1 0
github.com/maxthom/mir/pkgs/device/mir/commands.go:91.2,91.53 1 0
github.com/maxthom/mir/pkgs/device/mir/commands.go:94.129,95.21 1 1
github.com/maxthom/mir/pkgs/device/mir/commands.go:95.21,96.15 1 1
github.com/maxthom/mir/pkgs/device/mir/commands.go:96.15,98.4 1 1
github.com/maxthom/mir/pkgs/device/mir/commands.go:99.3,100.17 2 1
github.com/maxthom/mir/pkgs/device/mir/commands.go:100.17,102.4 1 0
github.com/maxthom/mir/pkgs/device/mir/commands.go:103.3,106.25 3 1
github.com/maxthom/mir/pkgs/device/mir/commands.go:106.25,108.18 2 1
github.com/maxthom/mir/pkgs/device/mir/commands.go:108.18,111.5 2 1
github.com/maxthom/mir/pkgs/device/mir/commands.go:114.3,119.17 2 1
github.com/maxthom/mir/pkgs/device/mir/commands.go:119.17,121.4 1 0
github.com/maxthom/mir/pkgs/device/mir/commands.go:122.8,124.3 1 0
github.com/maxthom/mir/pkgs/device/mir/commands.go:125.2,125.12 1 1
github.com/maxthom/mir/pkgs/device/mir/errors.go:12.47,14.2 1 0
github.com/maxthom/mir/pkgs/device/mir/errors.go:22.38,24.2 1 0
github.com/maxthom/mir/pkgs/device/mir/errors.go:31.44,33.2 1 0
github.com/maxthom/mir/pkgs/device/mir/errors.go:40.41,42.2 1 0
github.com/maxthom/mir/pkgs/device/mir/errors.go:49.42,51.2 1 0
github.com/maxthom/mir/pkgs/device/mir/errors.go:57.46,61.2 3 0
github.com/maxthom/mir/pkgs/device/mir/errors.go:68.47,70.2 1 0
github.com/maxthom/mir/pkgs/device/mir/errors.go:77.41,79.2 1 0
github.com/maxthom/mir/pkgs/device/mir/mir.go:58.30,60.2 1 1
github.com/maxthom/mir/pkgs/device/mir/mir.go:62.35,64.2 1 0
github.com/maxthom/mir/pkgs/device/mir/mir.go:70.68,72.16 2 1
github.com/maxthom/mir/pkgs/device/mir/mir.go:72.16,74.3 1 0
github.com/maxthom/mir/pkgs/device/mir/mir.go:75.2,80.45 3 1
github.com/maxthom/mir/pkgs/device/mir/mir.go:80.45,82.4 1 0
github.com/maxthom/mir/pkgs/device/mir/mir.go:83.56,84.18 1 1
github.com/maxthom/mir/pkgs/device/mir/mir.go:84.18,86.5 1 0
github.com/maxthom/mir/pkgs/device/mir/mir.go:88.46,89.4 0 1
github.com/maxthom/mir/pkgs/device/mir/mir.go:90.2,90.16 1 1
github.com/maxthom/mir/pkgs/device/mir/mir.go:90.16,92.3 1 0
github.com/maxthom/mir/pkgs/device/mir/mir.go:94.2,95.16 2 1
github.com/maxthom/mir/pkgs/device/mir/mir.go:95.16,97.3 1 0
github.com/maxthom/mir/pkgs/device/mir/mir.go:98.2,98.12 1 1
github.com/maxthom/mir/pkgs/device/mir/mir.go:98.12,102.3 3 1
github.com/maxthom/mir/pkgs/device/mir/mir.go:104.2,104.12 1 1
github.com/maxthom/mir/pkgs/device/mir/mir.go:104.12,108.3 3 1
github.com/maxthom/mir/pkgs/device/mir/mir.go:110.2,110.12 1 1
github.com/maxthom/mir/pkgs/device/mir/mir.go:110.12,114.3 3 1
github.com/maxthom/mir/pkgs/device/mir/mir.go:116.2,116.17 1 1
github.com/maxthom/mir/pkgs/device/mir/mir.go:121.71,122.6 1 1
github.com/maxthom/mir/pkgs/device/mir/mir.go:122.6,123.10 1 1
github.com/maxthom/mir/pkgs/device/mir/mir.go:124.21,126.10 2 1
github.com/maxthom/mir/pkgs/device/mir/mir.go:127.31,128.83 1 1
github.com/maxthom/mir/pkgs/device/mir/mir.go:128.83,130.5 1 0
github.com/maxthom/mir/pkgs/device/mir/mir.go:137.69,138.6 1 1
github.com/maxthom/mir/pkgs/device/mir/mir.go:138.6,139.10 1 1
github.com/maxthom/mir/pkgs/device/mir/mir.go:140.21,142.10 2 1
github.com/maxthom/mir/pkgs/device/mir/mir.go:143.11,146.72 2 1
github.com/maxthom/mir/pkgs/device/mir/mir.go:146.72,148.5 1 0
github.com/maxthom/mir/pkgs/device/mir/mir.go:149.4,149.18 1 1
github.com/maxthom/mir/pkgs/device/mir/mir.go:149.18,152.19 3 1
github.com/maxthom/mir/pkgs/device/mir/mir.go:152.19,154.6 1 0
github.com/maxthom/mir/pkgs/device/mir/mir.go:160.45,161.6 1 1
github.com/maxthom/mir/pkgs/device/mir/mir.go:161.6,162.10 1 1
github.com/maxthom/mir/pkgs/device/mir/mir.go:163.21,166.10 3 1
github.com/maxthom/mir/pkgs/device/mir/mir.go:178.38,181.2 2 0
github.com/maxthom/mir/pkgs/device/mir/mir.go:184.55,187.21 3 0
github.com/maxthom/mir/pkgs/device/mir/mir.go:187.21,189.3 1 0
github.com/maxthom/mir/pkgs/device/mir/mir.go:190.2,190.25 1 0
github.com/maxthom/mir/pkgs/device/mir/mir.go:194.63,196.2 1 0
github.com/maxthom/mir/pkgs/device/mir/mir.go:198.133,203.2 1 0
github.com/maxthom/mir/pkgs/device/mir/mir_builder.go:29.35,31.2 1 1
github.com/maxthom/mir/pkgs/device/mir/mir_builder.go:47.24,51.2 1 1
github.com/maxthom/mir/pkgs/device/mir/mir_builder.go:57.46,60.2 2 1
github.com/maxthom/mir/pkgs/device/mir/mir_builder.go:64.43,67.2 2 1
github.com/maxthom/mir/pkgs/device/mir/mir_builder.go:76.60,79.15 3 0
github.com/maxthom/mir/pkgs/device/mir/mir_builder.go:79.15,82.3 2 0
github.com/maxthom/mir/pkgs/device/mir/mir_builder.go:83.2,87.10 2 0
github.com/maxthom/mir/pkgs/device/mir/mir_builder.go:94.76,96.15 2 1
github.com/maxthom/mir/pkgs/device/mir/mir_builder.go:96.15,98.3 1 1
github.com/maxthom/mir/pkgs/device/mir/mir_builder.go:99.2,101.10 2 1
github.com/maxthom/mir/pkgs/device/mir/mir_builder.go:109.36,112.2 2 1
github.com/maxthom/mir/pkgs/device/mir/mir_builder.go:115.47,118.2 2 1
github.com/maxthom/mir/pkgs/device/mir/mir_builder.go:124.49,127.2 2 0
github.com/maxthom/mir/pkgs/device/mir/mir_builder.go:133.58,136.2 2 0
github.com/maxthom/mir/pkgs/device/mir/mir_builder.go:138.76,139.16 1 1
github.com/maxthom/mir/pkgs/device/mir/mir_builder.go:139.16,141.3 1 1
github.com/maxthom/mir/pkgs/device/mir/mir_builder.go:142.2,142.22 1 1
github.com/maxthom/mir/pkgs/device/mir/mir_builder.go:142.22,145.3 1 1
github.com/maxthom/mir/pkgs/device/mir/mir_builder.go:146.2,146.10 1 1
github.com/maxthom/mir/pkgs/device/mir/mir_builder.go:148.87,149.16 1 1
github.com/maxthom/mir/pkgs/device/mir/mir_builder.go:149.16,151.3 1 1
github.com/maxthom/mir/pkgs/device/mir/mir_builder.go:152.2,153.10 2 1
github.com/maxthom/mir/pkgs/device/mir/mir_builder.go:159.40,164.25 4 1
github.com/maxthom/mir/pkgs/device/mir/mir_builder.go:164.25,166.3 1 1
github.com/maxthom/mir/pkgs/device/mir/mir_builder.go:167.2,167.23 1 1
github.com/maxthom/mir/pkgs/device/mir/mir_builder.go:167.23,169.3 1 1
github.com/maxthom/mir/pkgs/device/mir/mir_builder.go:170.2,170.21 1 1
github.com/maxthom/mir/pkgs/device/mir/mir_builder.go:170.21,172.3 1 1
github.com/maxthom/mir/pkgs/device/mir/mir_builder.go:173.2,173.23 1 1
github.com/maxthom/mir/pkgs/device/mir/mir_builder.go:173.23,175.3 1 1
github.com/maxthom/mir/pkgs/device/mir/mir_builder.go:175.8,177.3 1 1
github.com/maxthom/mir/pkgs/device/mir/mir_builder.go:179.2,179.28 1 1
github.com/maxthom/mir/pkgs/device/mir/mir_builder.go:179.28,181.3 1 1
github.com/maxthom/mir/pkgs/device/mir/mir_builder.go:183.2,190.17 2 1
github.com/maxthom/mir/pkgs/device/mir/mir_builder.go:190.17,193.3 2 0
github.com/maxthom/mir/pkgs/device/mir/mir_builder.go:194.2,196.75 2 1
github.com/maxthom/mir/pkgs/device/mir/mir_builder.go:196.75,198.3 1 0
github.com/maxthom/mir/pkgs/device/mir/mir_builder.go:198.8,200.3 1 1
github.com/maxthom/mir/pkgs/device/mir/mir_builder.go:202.2,203.22 2 1
github.com/maxthom/mir/pkgs/device/mir/mir_builder.go:203.22,205.3 1 1
github.com/maxthom/mir/pkgs/device/mir/mir_builder.go:206.2,206.20 1 1
github.com/maxthom/mir/pkgs/device/mir/mir_builder.go:206.20,208.3 1 0
github.com/maxthom/mir/pkgs/device/mir/mir_builder.go:209.2,209.24 1 1
github.com/maxthom/mir/pkgs/device/mir/mir_builder.go:209.24,213.3 1 1
github.com/maxthom/mir/pkgs/device/mir/mir_builder.go:216.2,228.16 4 1
github.com/maxthom/mir/pkgs/device/mir/mir_builder.go:228.16,230.3 1 0
github.com/maxthom/mir/pkgs/device/mir/mir_builder.go:232.2,238.8 1 1
github.com/maxthom/mir/pkgs/device/mir/proto_test/gen/mir_device_test/v1/command.pb.go:33.27,38.2 4 0
github.com/maxthom/mir/pkgs/device/mir/proto_test/gen/mir_device_test/v1/command.pb.go:40.35,42.2 1 0
github.com/maxthom/mir/pkgs/device/mir/proto_test/gen/mir_device_test/v1/command.pb.go:44.33,44.34 0 0
github.com/maxthom/mir/pkgs/device/mir/proto_test/gen/mir_device_test/v1/command.pb.go:46.55,48.14 2 0
github.com/maxthom/mir/pkgs/device/mir/proto_test/gen/mir_device_test/v1/command.pb.go:48.14,50.34 2 0
github.com/maxthom/mir/pkgs/device/mir/proto_test/gen/mir_device_test/v1/command.pb.go:50.34,52.4 1 0
github.com/maxthom/mir/pkgs/device/mir/proto_test/gen/mir_device_test/v1/command.pb.go:53.3,53.12 1 0
github.com/maxthom/mir/pkgs/device/mir/proto_test/gen/mir_device_test/v1/command.pb.go:55.2,55.24 1 0
github.com/maxthom/mir/pkgs/device/mir/proto_test/gen/mir_device_test/v1/command.pb.go:59.46,61.2 1 0
github.com/maxthom/mir/pkgs/device/mir/proto_test/gen/mir_device_test/v1/command.pb.go:63.36,64.14 1 0
github.com/maxthom/mir/pkgs/device/mir/proto_test/gen/mir_device_test/v1/command.pb.go:64.14,66.3 1 0
github.com/maxthom/mir/pkgs/device/mir/proto_test/gen/mir_device_test/v1/command.pb.go:67.2,67.10 1 0
github.com/maxthom/mir/pkgs/device/mir/proto_test/gen/mir_device_test/v1/command.pb.go:70.39,71.14 1 0
github.com/maxthom/mir/pkgs/device/mir/proto_test/gen/mir_device_test/v1/command.pb.go:71.14,73.3 1 0
github.com/maxthom/mir/pkgs/device/mir/proto_test/gen/mir_device_test/v1/command.pb.go:74.2,74.14 1 0
github.com/maxthom/mir/pkgs/device/mir/proto_test/gen/mir_device_test/v1/command.pb.go:77.39,78.14 1 0
github.com/maxthom/mir/pkgs/device/mir/proto_test/gen/mir_device_test/v1/command.pb.go:78.14,80.3 1 0
github.com/maxthom/mir/pkgs/device/mir/proto_test/gen/mir_device_test/v1/command.pb.go:81.2,81.10 1 0
github.com/maxthom/mir/pkgs/device/mir/proto_test/gen/mir_device_test/v1/command.pb.go:119.65,120.62 1 0
github.com/maxthom/mir/pkgs/device/mir/proto_test/gen/mir_device_test/v1/command.pb.go:120.62,122.3 1 0
github.com/maxthom/mir/pkgs/device/mir/proto_test/gen/mir_device_test/v1/command.pb.go:123.2,123.58 1 0
github.com/maxthom/mir/pkgs/device/mir/proto_test/gen/mir_device_test/v1/command.pb.go:138.13,138.61 1 1
github.com/maxthom/mir/pkgs/device/mir/proto_test/gen/mir_device_test/v1/command.pb.go:139.51,140.50 1 1
github.com/maxthom/mir/pkgs/device/mir/proto_test/gen/mir_device_test/v1/command.pb.go:140.50,142.3 1 0
github.com/maxthom/mir/pkgs/device/mir/proto_test/gen/mir_device_test/v1/command.pb.go:143.2,160.53 6 1
github.com/maxthom/mir/pkgs/device/mir/proto_test/gen/mir_device_test/v1/telemetry.pb.go:33.29,38.2 4 0
github.com/maxthom/mir/pkgs/device/mir/proto_test/gen/mir_device_test/v1/telemetry.pb.go:40.37,42.2 1 0
github.com/maxthom/mir/pkgs/device/mir/proto_test/gen/mir_device_test/v1/telemetry.pb.go:44.35,44.36 0 0
github.com/maxthom/mir/pkgs/device/mir/proto_test/gen/mir_device_test/v1/telemetry.pb.go:46.57,48.14 2 0
github.com/maxthom/mir/pkgs/device/mir/proto_test/gen/mir_device_test/v1/telemetry.pb.go:48.14,50.34 2 0
github.com/maxthom/mir/pkgs/device/mir/proto_test/gen/mir_device_test/v1/telemetry.pb.go:50.34,52.4 1 0
github.com/maxthom/mir/pkgs/device/mir/proto_test/gen/mir_device_test/v1/telemetry.pb.go:53.3,53.12 1 0
github.com/maxthom/mir/pkgs/device/mir/proto_test/gen/mir_device_test/v1/telemetry.pb.go:55.2,55.24 1 0
github.com/maxthom/mir/pkgs/device/mir/proto_test/gen/mir_device_test/v1/telemetry.pb.go:59.48,61.2 1 0
github.com/maxthom/mir/pkgs/device/mir/proto_test/gen/mir_device_test/v1/telemetry.pb.go:63.44,64.14 1 0
github.com/maxthom/mir/pkgs/device/mir/proto_test/gen/mir_device_test/v1/telemetry.pb.go:64.14,66.3 1 0
github.com/maxthom/mir/pkgs/device/mir/proto_test/gen/mir_device_test/v1/telemetry.pb.go:67.2,67.10 1 0
github.com/maxthom/mir/pkgs/device/mir/proto_test/gen/mir_device_test/v1/telemetry.pb.go:70.41,71.14 1 0
github.com/maxthom/mir/pkgs/device/mir/proto_test/gen/mir_device_test/v1/telemetry.pb.go:71.14,73.3 1 0
github.com/maxthom/mir/pkgs/device/mir/proto_test/gen/mir_device_test/v1/telemetry.pb.go:74.2,74.10 1 0
github.com/maxthom/mir/pkgs/device/mir/proto_test/gen/mir_device_test/v1/telemetry.pb.go:77.41,78.14 1 0
github.com/maxthom/mir/pkgs/device/mir/proto_test/gen/mir_device_test/v1/telemetry.pb.go:78.14,80.3 1 0
github.com/maxthom/mir/pkgs/device/mir/proto_test/gen/mir_device_test/v1/telemetry.pb.go:81.2,81.10 1 0
github.com/maxthom/mir/pkgs/device/mir/proto_test/gen/mir_device_test/v1/telemetry.pb.go:119.67,120.64 1 0
github.com/maxthom/mir/pkgs/device/mir/proto_test/gen/mir_device_test/v1/telemetry.pb.go:120.64,122.3 1 0
github.com/maxthom/mir/pkgs/device/mir/proto_test/gen/mir_device_test/v1/telemetry.pb.go:123.2,123.60 1 0
github.com/maxthom/mir/pkgs/device/mir/proto_test/gen/mir_device_test/v1/telemetry.pb.go:138.13,138.63 1 1
github.com/maxthom/mir/pkgs/device/mir/proto_test/gen/mir_device_test/v1/telemetry.pb.go:139.53,140.52 1 1
github.com/maxthom/mir/pkgs/device/mir/proto_test/gen/mir_device_test/v1/telemetry.pb.go:140.52,142.3 1 0
github.com/maxthom/mir/pkgs/device/mir/proto_test/gen/mir_device_test/v1/telemetry.pb.go:143.2,160.55 6 1
github.com/maxthom/mir/pkgs/mir_models/device.go:28.43,30.2 1 0
github.com/maxthom/mir/pkgs/mir_models/device.go:60.63,63.2 2 0
github.com/maxthom/mir/pkgs/mir_models/device.go:65.77,67.16 2 0
github.com/maxthom/mir/pkgs/mir_models/device.go:67.16,69.3 1 0
github.com/maxthom/mir/pkgs/mir_models/device.go:70.2,71.12 2 0
github.com/maxthom/mir/pkgs/mir_models/device.go:74.74,76.22 2 0
github.com/maxthom/mir/pkgs/mir_models/device.go:76.22,79.3 1 0
github.com/maxthom/mir/pkgs/mir_models/device.go:81.2,82.16 2 0
github.com/maxthom/mir/pkgs/mir_models/device.go:82.16,84.3 1 0
github.com/maxthom/mir/pkgs/mir_models/device.go:85.2,85.19 1 0
github.com/maxthom/mir/pkgs/mir_models/device.go:88.75,90.22 2 0
github.com/maxthom/mir/pkgs/mir_models/device.go:90.22,93.3 1 0
github.com/maxthom/mir/pkgs/mir_models/device.go:94.2,94.41 1 0
github.com/maxthom/mir/pkgs/mir_models/device.go:97.86,99.16 2 0
github.com/maxthom/mir/pkgs/mir_models/device.go:99.16,101.3 1 0
github.com/maxthom/mir/pkgs/mir_models/device.go:102.2,103.16 2 0
github.com/maxthom/mir/pkgs/mir_models/device.go:103.16,105.3 1 0
github.com/maxthom/mir/pkgs/mir_models/device.go:106.2,106.15 1 0
github.com/maxthom/mir/pkgs/mir_models/device.go:109.107,111.16 2 0
github.com/maxthom/mir/pkgs/mir_models/device.go:111.16,113.3 1 0
github.com/maxthom/mir/pkgs/mir_models/device.go:115.2,116.56 2 0
github.com/maxthom/mir/pkgs/mir_models/device.go:116.56,118.3 1 0
github.com/maxthom/mir/pkgs/mir_models/device.go:120.2,121.16 2 0
github.com/maxthom/mir/pkgs/mir_models/device.go:121.16,123.3 1 0
github.com/maxthom/mir/pkgs/mir_models/device.go:124.2,124.24 1 0
github.com/maxthom/mir/pkgs/mir_models/transform.go:10.77,11.79 1 0
github.com/maxthom/mir/pkgs/mir_models/transform.go:11.79,13.23 2 0
github.com/maxthom/mir/pkgs/mir_models/transform.go:13.23,14.16 1 0
github.com/maxthom/mir/pkgs/mir_models/transform.go:14.16,18.5 1 0
github.com/maxthom/mir/pkgs/mir_models/transform.go:18.10,22.5 1 0
github.com/maxthom/mir/pkgs/mir_models/transform.go:24.3,24.13 1 0
github.com/maxthom/mir/pkgs/mir_models/transform.go:28.2,41.3 1 0
github.com/maxthom/mir/pkgs/mir_models/transform.go:44.77,45.61 1 0
github.com/maxthom/mir/pkgs/mir_models/transform.go:45.61,47.23 2 0
github.com/maxthom/mir/pkgs/mir_models/transform.go:47.23,49.4 1 0
github.com/maxthom/mir/pkgs/mir_models/transform.go:50.3,50.12 1 0
github.com/maxthom/mir/pkgs/mir_models/transform.go:53.2,60.3 1 0
github.com/maxthom/mir/pkgs/mir_models/transform.go:63.81,65.22 2 1
github.com/maxthom/mir/pkgs/mir_models/transform.go:65.22,67.3 1 1
github.com/maxthom/mir/pkgs/mir_models/transform.go:68.2,68.10 1 1
github.com/maxthom/mir/pkgs/mir_models/transform.go:71.72,72.61 1 1
github.com/maxthom/mir/pkgs/mir_models/transform.go:72.61,74.23 2 1
github.com/maxthom/mir/pkgs/mir_models/transform.go:74.23,76.4 1 1
github.com/maxthom/mir/pkgs/mir_models/transform.go:77.3,77.12 1 1
github.com/maxthom/mir/pkgs/mir_models/transform.go:80.2,104.3 1 1
github.com/maxthom/mir/pkgs/mir_models/transform.go:107.61,108.59 1 0
github.com/maxthom/mir/pkgs/mir_models/transform.go:108.59,110.23 2 0
github.com/maxthom/mir/pkgs/mir_models/transform.go:110.23,112.4 1 0
github.com/maxthom/mir/pkgs/mir_models/transform.go:113.3,113.14 1 0
github.com/maxthom/mir/pkgs/mir_models/transform.go:116.2,117.36 2 0
github.com/maxthom/mir/pkgs/mir_models/transform.go:117.36,119.3 1 0
github.com/maxthom/mir/pkgs/mir_models/transform.go:120.2,121.44 2 0
github.com/maxthom/mir/pkgs/mir_models/transform.go:121.44,123.3 1 0
github.com/maxthom/mir/pkgs/mir_models/transform.go:125.2,148.3 1 0
github.com/maxthom/mir/pkgs/mir_models/transform.go:151.77,152.59 1 1
github.com/maxthom/mir/pkgs/mir_models/transform.go:152.59,154.23 2 1
github.com/maxthom/mir/pkgs/mir_models/transform.go:154.23,156.4 1 1
github.com/maxthom/mir/pkgs/mir_models/transform.go:157.3,157.14 1 1
github.com/maxthom/mir/pkgs/mir_models/transform.go:159.2,173.3 1 1
github.com/maxthom/mir/pkgs/mir_models/transform.go:176.60,177.16 1 1
github.com/maxthom/mir/pkgs/mir_models/transform.go:177.16,179.3 1 1
github.com/maxthom/mir/pkgs/mir_models/transform.go:180.2,183.3 1 0
github.com/maxthom/mir/pkgs/mir_models/transform.go:186.53,188.2 1 1
