mode: set
github.com/maxthom/mir/internal/externals/mng/abstract.go:40.60,44.2 1 1
github.com/maxthom/mir/internal/externals/mng/devices.go:27.114,30.16 3 1
github.com/maxthom/mir/internal/externals/mng/devices.go:30.16,32.3 1 0
github.com/maxthom/mir/internal/externals/mng/devices.go:33.2,33.18 1 1
github.com/maxthom/mir/internal/externals/mng/devices.go:36.88,38.27 1 1
github.com/maxthom/mir/internal/externals/mng/devices.go:38.27,40.3 1 1
github.com/maxthom/mir/internal/externals/mng/devices.go:41.2,41.23 1 1
github.com/maxthom/mir/internal/externals/mng/devices.go:41.23,43.3 1 1
github.com/maxthom/mir/internal/externals/mng/devices.go:44.2,44.28 1 1
github.com/maxthom/mir/internal/externals/mng/devices.go:44.28,46.3 1 1
github.com/maxthom/mir/internal/externals/mng/devices.go:48.2,51.16 4 1
github.com/maxthom/mir/internal/externals/mng/devices.go:51.16,53.3 1 0
github.com/maxthom/mir/internal/externals/mng/devices.go:54.2,54.24 1 1
github.com/maxthom/mir/internal/externals/mng/devices.go:54.24,56.3 1 1
github.com/maxthom/mir/internal/externals/mng/devices.go:59.2,60.16 2 1
github.com/maxthom/mir/internal/externals/mng/devices.go:60.16,62.3 1 0
github.com/maxthom/mir/internal/externals/mng/devices.go:63.2,65.16 3 1
github.com/maxthom/mir/internal/externals/mng/devices.go:65.16,67.3 1 0
github.com/maxthom/mir/internal/externals/mng/devices.go:68.2,68.23 1 1
github.com/maxthom/mir/internal/externals/mng/devices.go:75.117,76.21 1 1
github.com/maxthom/mir/internal/externals/mng/devices.go:76.21,78.3 1 0
github.com/maxthom/mir/internal/externals/mng/devices.go:80.2,80.102 1 1
github.com/maxthom/mir/internal/externals/mng/devices.go:80.102,82.3 1 1
github.com/maxthom/mir/internal/externals/mng/devices.go:87.2,90.13 4 1
github.com/maxthom/mir/internal/externals/mng/devices.go:90.13,92.3 1 0
github.com/maxthom/mir/internal/externals/mng/devices.go:93.2,94.16 2 1
github.com/maxthom/mir/internal/externals/mng/devices.go:94.16,96.3 1 0
github.com/maxthom/mir/internal/externals/mng/devices.go:98.2,98.20 1 1
github.com/maxthom/mir/internal/externals/mng/devices.go:101.133,102.21 1 0
github.com/maxthom/mir/internal/externals/mng/devices.go:102.21,104.3 1 0
github.com/maxthom/mir/internal/externals/mng/devices.go:105.2,105.22 1 0
github.com/maxthom/mir/internal/externals/mng/devices.go:105.22,110.40 4 0
github.com/maxthom/mir/internal/externals/mng/devices.go:110.40,112.4 1 0
github.com/maxthom/mir/internal/externals/mng/devices.go:114.3,114.109 1 0
github.com/maxthom/mir/internal/externals/mng/devices.go:114.109,116.4 1 0
github.com/maxthom/mir/internal/externals/mng/devices.go:118.3,119.21 2 0
github.com/maxthom/mir/internal/externals/mng/devices.go:119.21,127.4 6 0
github.com/maxthom/mir/internal/externals/mng/devices.go:128.3,131.17 3 0
github.com/maxthom/mir/internal/externals/mng/devices.go:131.17,133.4 1 0
github.com/maxthom/mir/internal/externals/mng/devices.go:134.3,134.21 1 0
github.com/maxthom/mir/internal/externals/mng/devices.go:136.2,136.68 1 0
github.com/maxthom/mir/internal/externals/mng/devices.go:139.96,140.21 1 1
github.com/maxthom/mir/internal/externals/mng/devices.go:140.21,142.3 1 0
github.com/maxthom/mir/internal/externals/mng/devices.go:144.2,146.16 3 1
github.com/maxthom/mir/internal/externals/mng/devices.go:146.16,148.3 1 0
github.com/maxthom/mir/internal/externals/mng/devices.go:150.2,152.16 3 1
github.com/maxthom/mir/internal/externals/mng/devices.go:152.16,154.3 1 0
github.com/maxthom/mir/internal/externals/mng/devices.go:156.2,156.24 1 1
github.com/maxthom/mir/internal/externals/mng/devices.go:167.118,168.46 1 1
github.com/maxthom/mir/internal/externals/mng/devices.go:168.46,170.17 2 1
github.com/maxthom/mir/internal/externals/mng/devices.go:170.17,172.4 1 0
github.com/maxthom/mir/internal/externals/mng/devices.go:174.3,174.21 1 1
github.com/maxthom/mir/internal/externals/mng/devices.go:174.21,175.29 1 1
github.com/maxthom/mir/internal/externals/mng/devices.go:175.29,177.5 1 0
github.com/maxthom/mir/internal/externals/mng/devices.go:177.10,177.37 1 1
github.com/maxthom/mir/internal/externals/mng/devices.go:177.37,181.19 3 1
github.com/maxthom/mir/internal/externals/mng/devices.go:181.19,183.6 1 0
github.com/maxthom/mir/internal/externals/mng/devices.go:184.5,184.149 1 1
github.com/maxthom/mir/internal/externals/mng/devices.go:184.149,186.6 1 0
github.com/maxthom/mir/internal/externals/mng/devices.go:189.3,189.29 1 1
github.com/maxthom/mir/internal/externals/mng/devices.go:189.29,190.29 1 1
github.com/maxthom/mir/internal/externals/mng/devices.go:190.29,192.5 1 0
github.com/maxthom/mir/internal/externals/mng/devices.go:192.10,192.37 1 1
github.com/maxthom/mir/internal/externals/mng/devices.go:192.37,196.19 3 1
github.com/maxthom/mir/internal/externals/mng/devices.go:196.19,198.6 1 0
github.com/maxthom/mir/internal/externals/mng/devices.go:199.5,199.149 1 1
github.com/maxthom/mir/internal/externals/mng/devices.go:199.149,201.6 1 1
github.com/maxthom/mir/internal/externals/mng/devices.go:202.10,202.37 1 0
github.com/maxthom/mir/internal/externals/mng/devices.go:202.37,206.5 1 0
github.com/maxthom/mir/internal/externals/mng/devices.go:207.9,207.22 1 1
github.com/maxthom/mir/internal/externals/mng/devices.go:207.22,213.18 2 1
github.com/maxthom/mir/internal/externals/mng/devices.go:213.18,215.5 1 0
github.com/maxthom/mir/internal/externals/mng/devices.go:217.4,218.35 2 1
github.com/maxthom/mir/internal/externals/mng/devices.go:218.35,219.44 1 1
github.com/maxthom/mir/internal/externals/mng/devices.go:219.44,221.6 1 1
github.com/maxthom/mir/internal/externals/mng/devices.go:222.5,222.39 1 1
github.com/maxthom/mir/internal/externals/mng/devices.go:224.4,225.34 2 1
github.com/maxthom/mir/internal/externals/mng/devices.go:225.34,227.5 1 1
github.com/maxthom/mir/internal/externals/mng/devices.go:228.4,228.35 1 1
github.com/maxthom/mir/internal/externals/mng/devices.go:228.35,229.44 1 1
github.com/maxthom/mir/internal/externals/mng/devices.go:229.44,231.6 1 1
github.com/maxthom/mir/internal/externals/mng/devices.go:233.9,233.24 1 1
github.com/maxthom/mir/internal/externals/mng/devices.go:233.24,239.18 2 1
github.com/maxthom/mir/internal/externals/mng/devices.go:239.18,241.5 1 0
github.com/maxthom/mir/internal/externals/mng/devices.go:243.4,244.35 2 1
github.com/maxthom/mir/internal/externals/mng/devices.go:244.35,245.54 1 1
github.com/maxthom/mir/internal/externals/mng/devices.go:245.54,247.6 1 1
github.com/maxthom/mir/internal/externals/mng/devices.go:248.5,248.54 1 1
github.com/maxthom/mir/internal/externals/mng/devices.go:250.4,250.38 1 0
github.com/maxthom/mir/internal/externals/mng/devices.go:250.38,251.38 1 0
github.com/maxthom/mir/internal/externals/mng/devices.go:251.38,252.52 1 0
github.com/maxthom/mir/internal/externals/mng/devices.go:252.52,254.7 1 0
github.com/maxthom/mir/internal/externals/mng/devices.go:259.2,259.12 1 1
github.com/maxthom/mir/internal/externals/mng/devices.go:262.87,265.14 3 1
github.com/maxthom/mir/internal/externals/mng/devices.go:265.14,267.3 1 1
github.com/maxthom/mir/internal/externals/mng/devices.go:268.2,268.28 1 1
github.com/maxthom/mir/internal/externals/mng/devices.go:268.28,269.15 1 1
github.com/maxthom/mir/internal/externals/mng/devices.go:269.15,271.4 1 1
github.com/maxthom/mir/internal/externals/mng/devices.go:272.3,274.61 3 1
github.com/maxthom/mir/internal/externals/mng/devices.go:276.2,278.8 3 1
github.com/maxthom/mir/internal/externals/mng/devices.go:281.112,285.19 3 1
github.com/maxthom/mir/internal/externals/mng/devices.go:285.19,292.3 6 1
github.com/maxthom/mir/internal/externals/mng/devices.go:292.8,294.3 1 1
github.com/maxthom/mir/internal/externals/mng/devices.go:295.2,296.20 2 1
github.com/maxthom/mir/internal/externals/mng/devices.go:296.20,299.3 2 1
github.com/maxthom/mir/internal/externals/mng/devices.go:301.2,303.8 3 1
github.com/maxthom/mir/internal/externals/mng/devices.go:306.115,311.23 4 1
github.com/maxthom/mir/internal/externals/mng/devices.go:311.23,314.3 2 1
github.com/maxthom/mir/internal/externals/mng/devices.go:315.2,315.28 1 1
github.com/maxthom/mir/internal/externals/mng/devices.go:315.28,318.3 2 1
github.com/maxthom/mir/internal/externals/mng/devices.go:319.2,319.52 1 1
github.com/maxthom/mir/internal/externals/mng/devices.go:319.52,321.39 2 1
github.com/maxthom/mir/internal/externals/mng/devices.go:321.39,326.17 5 1
github.com/maxthom/mir/internal/externals/mng/devices.go:326.17,328.5 1 1
github.com/maxthom/mir/internal/externals/mng/devices.go:328.10,330.5 1 1
github.com/maxthom/mir/internal/externals/mng/devices.go:331.4,331.27 1 1
github.com/maxthom/mir/internal/externals/mng/devices.go:333.3,333.27 1 1
github.com/maxthom/mir/internal/externals/mng/devices.go:335.2,335.62 1 1
github.com/maxthom/mir/internal/externals/mng/devices.go:335.62,337.44 2 1
github.com/maxthom/mir/internal/externals/mng/devices.go:337.44,342.17 5 1
github.com/maxthom/mir/internal/externals/mng/devices.go:342.17,344.5 1 1
github.com/maxthom/mir/internal/externals/mng/devices.go:344.10,346.5 1 1
github.com/maxthom/mir/internal/externals/mng/devices.go:347.4,347.27 1 1
github.com/maxthom/mir/internal/externals/mng/devices.go:349.3,349.27 1 1
github.com/maxthom/mir/internal/externals/mng/devices.go:351.2,351.22 1 1
github.com/maxthom/mir/internal/externals/mng/devices.go:351.22,355.3 3 1
github.com/maxthom/mir/internal/externals/mng/devices.go:358.2,359.27 2 1
github.com/maxthom/mir/internal/externals/mng/devices.go:359.27,362.3 2 1
github.com/maxthom/mir/internal/externals/mng/devices.go:363.2,363.28 1 1
github.com/maxthom/mir/internal/externals/mng/devices.go:363.28,366.3 2 1
github.com/maxthom/mir/internal/externals/mng/devices.go:367.2,367.22 1 1
github.com/maxthom/mir/internal/externals/mng/devices.go:367.22,371.3 3 1
github.com/maxthom/mir/internal/externals/mng/devices.go:374.2,375.66 2 1
github.com/maxthom/mir/internal/externals/mng/devices.go:375.66,377.17 2 0
github.com/maxthom/mir/internal/externals/mng/devices.go:377.17,381.4 2 0
github.com/maxthom/mir/internal/externals/mng/devices.go:383.2,383.68 1 1
github.com/maxthom/mir/internal/externals/mng/devices.go:383.68,385.17 2 0
github.com/maxthom/mir/internal/externals/mng/devices.go:385.17,389.4 2 0
github.com/maxthom/mir/internal/externals/mng/devices.go:391.2,391.23 1 1
github.com/maxthom/mir/internal/externals/mng/devices.go:391.23,395.3 3 0
github.com/maxthom/mir/internal/externals/mng/devices.go:398.2,399.73 2 1
github.com/maxthom/mir/internal/externals/mng/devices.go:399.73,402.3 2 0
github.com/maxthom/mir/internal/externals/mng/devices.go:403.2,403.28 1 1
github.com/maxthom/mir/internal/externals/mng/devices.go:403.28,406.3 2 0
github.com/maxthom/mir/internal/externals/mng/devices.go:409.2,410.45 2 1
github.com/maxthom/mir/internal/externals/mng/devices.go:410.45,413.3 2 0
github.com/maxthom/mir/internal/externals/mng/devices.go:414.2,414.41 1 1
github.com/maxthom/mir/internal/externals/mng/devices.go:414.41,417.3 2 0
github.com/maxthom/mir/internal/externals/mng/devices.go:418.2,418.89 1 1
github.com/maxthom/mir/internal/externals/mng/devices.go:418.89,421.3 2 0
github.com/maxthom/mir/internal/externals/mng/devices.go:422.2,422.30 1 1
github.com/maxthom/mir/internal/externals/mng/devices.go:422.30,426.3 3 0
github.com/maxthom/mir/internal/externals/mng/devices.go:429.2,430.40 2 1
github.com/maxthom/mir/internal/externals/mng/devices.go:430.40,432.49 2 0
github.com/maxthom/mir/internal/externals/mng/devices.go:432.49,437.18 5 0
github.com/maxthom/mir/internal/externals/mng/devices.go:437.18,439.5 1 0
github.com/maxthom/mir/internal/externals/mng/devices.go:439.10,443.5 3 0
github.com/maxthom/mir/internal/externals/mng/devices.go:444.4,444.29 1 0
github.com/maxthom/mir/internal/externals/mng/devices.go:446.3,446.29 1 0
github.com/maxthom/mir/internal/externals/mng/devices.go:448.2,448.41 1 1
github.com/maxthom/mir/internal/externals/mng/devices.go:448.41,450.50 2 0
github.com/maxthom/mir/internal/externals/mng/devices.go:450.50,455.18 5 0
github.com/maxthom/mir/internal/externals/mng/devices.go:455.18,457.5 1 0
github.com/maxthom/mir/internal/externals/mng/devices.go:457.10,461.5 3 0
github.com/maxthom/mir/internal/externals/mng/devices.go:462.4,462.29 1 0
github.com/maxthom/mir/internal/externals/mng/devices.go:464.3,464.29 1 0
github.com/maxthom/mir/internal/externals/mng/devices.go:467.2,467.29 1 1
github.com/maxthom/mir/internal/externals/mng/devices.go:467.29,471.3 3 0
github.com/maxthom/mir/internal/externals/mng/devices.go:473.2,473.24 1 1
github.com/maxthom/mir/internal/externals/mng/devices.go:473.24,477.3 3 0
github.com/maxthom/mir/internal/externals/mng/devices.go:479.2,480.17 2 1
github.com/maxthom/mir/internal/externals/mng/devices.go:480.17,486.3 5 1
github.com/maxthom/mir/internal/externals/mng/devices.go:487.2,489.8 2 1
github.com/maxthom/mir/internal/externals/mng/devices.go:492.94,501.2 7 1
github.com/maxthom/mir/internal/externals/mng/devices.go:503.78,507.20 3 1
github.com/maxthom/mir/internal/externals/mng/devices.go:507.20,509.28 2 1
github.com/maxthom/mir/internal/externals/mng/devices.go:509.28,511.4 1 1
github.com/maxthom/mir/internal/externals/mng/devices.go:512.3,512.55 1 1
github.com/maxthom/mir/internal/externals/mng/devices.go:514.2,514.22 1 1
github.com/maxthom/mir/internal/externals/mng/devices.go:514.22,516.30 2 1
github.com/maxthom/mir/internal/externals/mng/devices.go:516.30,518.4 1 1
github.com/maxthom/mir/internal/externals/mng/devices.go:519.3,519.55 1 1
github.com/maxthom/mir/internal/externals/mng/devices.go:521.2,521.27 1 1
github.com/maxthom/mir/internal/externals/mng/devices.go:521.27,523.35 2 1
github.com/maxthom/mir/internal/externals/mng/devices.go:523.35,525.4 1 1
github.com/maxthom/mir/internal/externals/mng/devices.go:526.3,526.55 1 1
github.com/maxthom/mir/internal/externals/mng/devices.go:528.2,528.23 1 1
github.com/maxthom/mir/internal/externals/mng/devices.go:528.23,530.30 2 1
github.com/maxthom/mir/internal/externals/mng/devices.go:530.30,532.4 1 1
github.com/maxthom/mir/internal/externals/mng/devices.go:533.3,533.56 1 1
github.com/maxthom/mir/internal/externals/mng/devices.go:535.2,537.11 3 1
github.com/maxthom/mir/internal/externals/mng/event.go:29.91,32.16 3 1
github.com/maxthom/mir/internal/externals/mng/event.go:32.16,34.3 1 0
github.com/maxthom/mir/internal/externals/mng/event.go:35.2,35.18 1 1
github.com/maxthom/mir/internal/externals/mng/event.go:38.85,40.37 1 1
github.com/maxthom/mir/internal/externals/mng/event.go:40.37,42.3 1 0
github.com/maxthom/mir/internal/externals/mng/event.go:43.2,45.16 3 1
github.com/maxthom/mir/internal/externals/mng/event.go:45.16,47.3 1 0
github.com/maxthom/mir/internal/externals/mng/event.go:48.2,48.24 1 1
github.com/maxthom/mir/internal/externals/mng/event.go:48.24,50.3 1 1
github.com/maxthom/mir/internal/externals/mng/event.go:53.2,54.16 2 1
github.com/maxthom/mir/internal/externals/mng/event.go:54.16,56.3 1 0
github.com/maxthom/mir/internal/externals/mng/event.go:57.2,59.16 3 1
github.com/maxthom/mir/internal/externals/mng/event.go:59.16,61.3 1 0
github.com/maxthom/mir/internal/externals/mng/event.go:62.2,62.20 1 1
github.com/maxthom/mir/internal/externals/mng/event.go:69.122,70.21 1 1
github.com/maxthom/mir/internal/externals/mng/event.go:70.21,72.3 1 0
github.com/maxthom/mir/internal/externals/mng/event.go:74.2,80.45 2 1
github.com/maxthom/mir/internal/externals/mng/event.go:80.45,82.3 1 1
github.com/maxthom/mir/internal/externals/mng/event.go:83.2,83.50 1 1
github.com/maxthom/mir/internal/externals/mng/event.go:83.50,85.3 1 1
github.com/maxthom/mir/internal/externals/mng/event.go:86.2,86.85 1 1
github.com/maxthom/mir/internal/externals/mng/event.go:86.85,88.3 1 1
github.com/maxthom/mir/internal/externals/mng/event.go:93.2,96.13 4 1
github.com/maxthom/mir/internal/externals/mng/event.go:96.13,98.3 1 0
github.com/maxthom/mir/internal/externals/mng/event.go:99.2,100.16 2 1
github.com/maxthom/mir/internal/externals/mng/event.go:100.16,102.3 1 0
github.com/maxthom/mir/internal/externals/mng/event.go:104.2,104.20 1 1
github.com/maxthom/mir/internal/externals/mng/event.go:107.131,108.21 1 0
github.com/maxthom/mir/internal/externals/mng/event.go:108.21,110.3 1 0
github.com/maxthom/mir/internal/externals/mng/event.go:111.2,111.22 1 0
github.com/maxthom/mir/internal/externals/mng/event.go:111.22,116.42 4 0
github.com/maxthom/mir/internal/externals/mng/event.go:116.42,118.4 1 0
github.com/maxthom/mir/internal/externals/mng/event.go:120.3,120.95 1 0
github.com/maxthom/mir/internal/externals/mng/event.go:120.95,122.4 1 0
github.com/maxthom/mir/internal/externals/mng/event.go:124.3,125.21 2 0
github.com/maxthom/mir/internal/externals/mng/event.go:125.21,133.4 6 0
github.com/maxthom/mir/internal/externals/mng/event.go:134.3,137.17 3 0
github.com/maxthom/mir/internal/externals/mng/event.go:137.17,139.4 1 0
github.com/maxthom/mir/internal/externals/mng/event.go:140.3,140.21 1 0
github.com/maxthom/mir/internal/externals/mng/event.go:142.2,142.68 1 0
github.com/maxthom/mir/internal/externals/mng/event.go:145.93,146.21 1 1
github.com/maxthom/mir/internal/externals/mng/event.go:146.21,148.3 1 0
github.com/maxthom/mir/internal/externals/mng/event.go:150.2,152.16 3 1
github.com/maxthom/mir/internal/externals/mng/event.go:152.16,154.3 1 0
github.com/maxthom/mir/internal/externals/mng/event.go:156.2,158.16 3 1
github.com/maxthom/mir/internal/externals/mng/event.go:158.16,160.3 1 0
github.com/maxthom/mir/internal/externals/mng/event.go:162.2,162.24 1 1
github.com/maxthom/mir/internal/externals/mng/event.go:165.122,168.21 3 1
github.com/maxthom/mir/internal/externals/mng/event.go:168.21,170.51 2 1
github.com/maxthom/mir/internal/externals/mng/event.go:170.51,173.4 2 1
github.com/maxthom/mir/internal/externals/mng/event.go:174.3,174.61 1 1
github.com/maxthom/mir/internal/externals/mng/event.go:174.61,177.4 2 0
github.com/maxthom/mir/internal/externals/mng/event.go:178.3,178.57 1 1
github.com/maxthom/mir/internal/externals/mng/event.go:178.57,180.42 2 1
github.com/maxthom/mir/internal/externals/mng/event.go:180.42,185.19 5 1
github.com/maxthom/mir/internal/externals/mng/event.go:185.19,187.6 1 1
github.com/maxthom/mir/internal/externals/mng/event.go:187.11,189.6 1 1
github.com/maxthom/mir/internal/externals/mng/event.go:190.5,190.24 1 1
github.com/maxthom/mir/internal/externals/mng/event.go:192.4,192.24 1 1
github.com/maxthom/mir/internal/externals/mng/event.go:194.3,194.67 1 1
github.com/maxthom/mir/internal/externals/mng/event.go:194.67,196.47 2 1
github.com/maxthom/mir/internal/externals/mng/event.go:196.47,201.19 5 1
github.com/maxthom/mir/internal/externals/mng/event.go:201.19,203.6 1 1
github.com/maxthom/mir/internal/externals/mng/event.go:203.11,205.6 1 1
github.com/maxthom/mir/internal/externals/mng/event.go:206.5,206.24 1 1
github.com/maxthom/mir/internal/externals/mng/event.go:208.4,208.24 1 1
github.com/maxthom/mir/internal/externals/mng/event.go:210.3,210.19 1 1
github.com/maxthom/mir/internal/externals/mng/event.go:210.19,214.4 3 1
github.com/maxthom/mir/internal/externals/mng/event.go:216.2,216.21 1 1
github.com/maxthom/mir/internal/externals/mng/event.go:216.21,218.51 2 1
github.com/maxthom/mir/internal/externals/mng/event.go:218.51,222.4 2 1
github.com/maxthom/mir/internal/externals/mng/event.go:223.3,223.29 1 1
github.com/maxthom/mir/internal/externals/mng/event.go:223.29,226.4 2 1
github.com/maxthom/mir/internal/externals/mng/event.go:227.3,227.30 1 1
github.com/maxthom/mir/internal/externals/mng/event.go:227.30,230.4 2 1
github.com/maxthom/mir/internal/externals/mng/event.go:231.3,231.30 1 1
github.com/maxthom/mir/internal/externals/mng/event.go:231.30,233.18 2 1
github.com/maxthom/mir/internal/externals/mng/event.go:233.18,237.5 2 1
github.com/maxthom/mir/internal/externals/mng/event.go:239.3,239.36 1 1
github.com/maxthom/mir/internal/externals/mng/event.go:239.36,241.42 2 0
github.com/maxthom/mir/internal/externals/mng/event.go:241.42,244.5 2 0
github.com/maxthom/mir/internal/externals/mng/event.go:245.4,245.48 1 0
github.com/maxthom/mir/internal/externals/mng/event.go:245.48,248.5 2 0
github.com/maxthom/mir/internal/externals/mng/event.go:249.4,249.42 1 0
github.com/maxthom/mir/internal/externals/mng/event.go:249.42,251.48 2 0
github.com/maxthom/mir/internal/externals/mng/event.go:251.48,254.6 2 0
github.com/maxthom/mir/internal/externals/mng/event.go:255.5,255.53 1 0
github.com/maxthom/mir/internal/externals/mng/event.go:255.53,258.6 2 0
github.com/maxthom/mir/internal/externals/mng/event.go:259.5,259.97 1 0
github.com/maxthom/mir/internal/externals/mng/event.go:259.97,261.63 2 0
github.com/maxthom/mir/internal/externals/mng/event.go:261.63,266.21 5 0
github.com/maxthom/mir/internal/externals/mng/event.go:266.21,268.8 1 0
github.com/maxthom/mir/internal/externals/mng/event.go:268.13,270.8 1 0
github.com/maxthom/mir/internal/externals/mng/event.go:271.7,271.26 1 0
github.com/maxthom/mir/internal/externals/mng/event.go:273.6,273.26 1 0
github.com/maxthom/mir/internal/externals/mng/event.go:275.5,275.107 1 0
github.com/maxthom/mir/internal/externals/mng/event.go:275.107,277.68 2 0
github.com/maxthom/mir/internal/externals/mng/event.go:277.68,282.21 5 0
github.com/maxthom/mir/internal/externals/mng/event.go:282.21,284.8 1 0
github.com/maxthom/mir/internal/externals/mng/event.go:284.13,286.8 1 0
github.com/maxthom/mir/internal/externals/mng/event.go:287.7,287.26 1 0
github.com/maxthom/mir/internal/externals/mng/event.go:289.6,289.26 1 0
github.com/maxthom/mir/internal/externals/mng/event.go:291.5,291.25 1 0
github.com/maxthom/mir/internal/externals/mng/event.go:291.25,295.6 3 0
github.com/maxthom/mir/internal/externals/mng/event.go:297.4,297.23 1 0
github.com/maxthom/mir/internal/externals/mng/event.go:297.23,301.5 3 0
github.com/maxthom/mir/internal/externals/mng/event.go:304.3,304.19 1 1
github.com/maxthom/mir/internal/externals/mng/event.go:304.19,308.4 3 1
github.com/maxthom/mir/internal/externals/mng/event.go:310.2,310.23 1 1
github.com/maxthom/mir/internal/externals/mng/event.go:310.23,312.30 2 1
github.com/maxthom/mir/internal/externals/mng/event.go:312.30,315.4 2 1
github.com/maxthom/mir/internal/externals/mng/event.go:316.3,316.32 1 1
github.com/maxthom/mir/internal/externals/mng/event.go:316.32,319.4 2 1
github.com/maxthom/mir/internal/externals/mng/event.go:320.3,320.31 1 1
github.com/maxthom/mir/internal/externals/mng/event.go:320.31,323.4 2 1
github.com/maxthom/mir/internal/externals/mng/event.go:324.3,324.19 1 1
github.com/maxthom/mir/internal/externals/mng/event.go:324.19,328.4 3 1
github.com/maxthom/mir/internal/externals/mng/event.go:331.2,332.17 2 1
github.com/maxthom/mir/internal/externals/mng/event.go:332.17,338.3 5 1
github.com/maxthom/mir/internal/externals/mng/event.go:339.2,341.8 2 1
github.com/maxthom/mir/internal/externals/mng/event.go:344.91,351.23 5 1
github.com/maxthom/mir/internal/externals/mng/event.go:351.23,354.3 2 1
github.com/maxthom/mir/internal/externals/mng/event.go:355.2,356.17 2 1
github.com/maxthom/mir/internal/externals/mng/event.go:356.17,358.3 1 1
github.com/maxthom/mir/internal/externals/mng/event.go:359.2,361.8 3 1
github.com/maxthom/mir/internal/externals/mng/event.go:364.70,367.23 3 1
github.com/maxthom/mir/internal/externals/mng/event.go:367.23,369.3 1 1
github.com/maxthom/mir/internal/externals/mng/event.go:370.2,370.33 1 1
github.com/maxthom/mir/internal/externals/mng/event.go:370.33,377.3 6 1
github.com/maxthom/mir/internal/externals/mng/event.go:378.2,378.31 1 1
github.com/maxthom/mir/internal/externals/mng/event.go:378.31,385.3 6 1
github.com/maxthom/mir/internal/externals/mng/event.go:386.2,386.39 1 1
github.com/maxthom/mir/internal/externals/mng/event.go:389.93,398.2 7 1
github.com/maxthom/mir/internal/externals/mng/object.go:12.90,15.28 3 1
github.com/maxthom/mir/internal/externals/mng/object.go:15.28,19.3 3 1
github.com/maxthom/mir/internal/externals/mng/object.go:20.2,22.8 3 1
github.com/maxthom/mir/internal/externals/mng/object.go:25.97,28.16 3 1
github.com/maxthom/mir/internal/externals/mng/object.go:28.16,30.3 1 0
github.com/maxthom/mir/internal/externals/mng/object.go:32.2,33.16 2 1
github.com/maxthom/mir/internal/externals/mng/object.go:33.16,35.3 1 0
github.com/maxthom/mir/internal/externals/mng/object.go:37.2,37.17 1 1
github.com/maxthom/mir/internal/externals/mng/object.go:40.107,47.20 5 1
github.com/maxthom/mir/internal/externals/mng/object.go:47.20,50.3 2 1
github.com/maxthom/mir/internal/externals/mng/object.go:51.2,53.8 3 1
github.com/maxthom/mir/internal/externals/mng/object.go:56.72,60.22 3 1
github.com/maxthom/mir/internal/externals/mng/object.go:60.22,62.29 2 1
github.com/maxthom/mir/internal/externals/mng/object.go:62.29,64.4 1 1
github.com/maxthom/mir/internal/externals/mng/object.go:65.3,65.55 1 1
github.com/maxthom/mir/internal/externals/mng/object.go:67.2,67.27 1 1
github.com/maxthom/mir/internal/externals/mng/object.go:67.27,69.35 2 1
github.com/maxthom/mir/internal/externals/mng/object.go:69.35,71.4 1 1
github.com/maxthom/mir/internal/externals/mng/object.go:72.3,72.55 1 1
github.com/maxthom/mir/internal/externals/mng/object.go:74.2,74.23 1 1
github.com/maxthom/mir/internal/externals/mng/object.go:74.23,76.30 2 1
github.com/maxthom/mir/internal/externals/mng/object.go:76.30,78.4 1 1
github.com/maxthom/mir/internal/externals/mng/object.go:79.3,79.56 1 1
github.com/maxthom/mir/internal/externals/mng/object.go:81.2,83.11 3 1
github.com/maxthom/mir/internal/externals/mng/object.go:86.109,95.2 7 0
github.com/maxthom/mir/internal/externals/mng/object.go:97.122,103.16 3 1
github.com/maxthom/mir/internal/externals/mng/object.go:103.16,105.3 1 0
github.com/maxthom/mir/internal/externals/mng/object.go:107.2,107.53 1 1
github.com/maxthom/mir/internal/externals/mng/object.go:107.53,108.28 1 1
github.com/maxthom/mir/internal/externals/mng/object.go:108.28,110.4 1 0
github.com/maxthom/mir/internal/externals/mng/object.go:110.9,110.36 1 1
github.com/maxthom/mir/internal/externals/mng/object.go:110.36,114.18 3 1
github.com/maxthom/mir/internal/externals/mng/object.go:114.18,116.5 1 0
github.com/maxthom/mir/internal/externals/mng/object.go:117.4,117.148 1 1
github.com/maxthom/mir/internal/externals/mng/object.go:117.148,119.5 1 1
github.com/maxthom/mir/internal/externals/mng/object.go:121.8,121.37 1 1
github.com/maxthom/mir/internal/externals/mng/object.go:121.37,126.17 3 1
github.com/maxthom/mir/internal/externals/mng/object.go:126.17,128.4 1 0
github.com/maxthom/mir/internal/externals/mng/object.go:130.3,131.34 2 1
github.com/maxthom/mir/internal/externals/mng/object.go:131.34,132.43 1 1
github.com/maxthom/mir/internal/externals/mng/object.go:132.43,134.5 1 1
github.com/maxthom/mir/internal/externals/mng/object.go:135.4,135.38 1 1
github.com/maxthom/mir/internal/externals/mng/object.go:137.3,138.33 2 0
github.com/maxthom/mir/internal/externals/mng/object.go:138.33,140.4 1 0
github.com/maxthom/mir/internal/externals/mng/object.go:141.3,141.34 1 0
github.com/maxthom/mir/internal/externals/mng/object.go:141.34,142.43 1 0
github.com/maxthom/mir/internal/externals/mng/object.go:142.43,144.5 1 0
github.com/maxthom/mir/internal/externals/mng/object.go:146.8,146.32 1 1
github.com/maxthom/mir/internal/externals/mng/object.go:146.32,151.17 3 1
github.com/maxthom/mir/internal/externals/mng/object.go:151.17,153.4 1 0
github.com/maxthom/mir/internal/externals/mng/object.go:155.3,156.34 2 1
github.com/maxthom/mir/internal/externals/mng/object.go:156.34,157.53 1 1
github.com/maxthom/mir/internal/externals/mng/object.go:157.53,159.5 1 0
github.com/maxthom/mir/internal/externals/mng/object.go:160.4,160.53 1 1
github.com/maxthom/mir/internal/externals/mng/object.go:162.3,162.37 1 1
github.com/maxthom/mir/internal/externals/mng/object.go:162.37,163.37 1 1
github.com/maxthom/mir/internal/externals/mng/object.go:163.37,164.51 1 1
github.com/maxthom/mir/internal/externals/mng/object.go:164.51,166.6 1 1
github.com/maxthom/mir/internal/externals/mng/object.go:170.2,170.12 1 1
